#
# A fatal error has been detected by the Java Runtime Environment:
#
#  SIGSEGV (0xb) at pc=0x00000000001f9516, pid=1115377, tid=1115405
#
# JRE version: OpenJDK Runtime Environment Temurin-17.0.7+7 (17.0.7+7) (build 17.0.7+7)
# Java VM: OpenJDK 64-Bit Server VM Temurin-17.0.7+7 (17.0.7+7, mixed mode, tiered, compressed oops, compressed class ptrs, g1 gc, linux-amd64)
# Problematic frame:
# C  [libc.so.6+0x1cac1]  __run_exit_handlers+0x1b1
#
# Core dump will be written. Default location: Core dumps may be processed with "/usr/lib/systemd/systemd-coredump %P %u %g %s %t %c %h %d" (or dumping to /home/klasur/Teamprojekt/FeatJAR/formula-analysis-javasmt/core.1115377)
#
# If you would like to submit a bug report, please visit:
#   https://github.com/adoptium/adoptium-support/issues
# The crash happened outside the Java Virtual Machine in native code.
# See problematic frame for where to report the bug.
#

---------------  S U M M A R Y ------------

Command Line: -XX:+ShowCodeDetailsInExceptionMessages -agentlib:jdwp=transport=dt_socket,suspend=y,address=localhost:33089 -ea -javaagent:/home/klasur/eclipse-rcp-2023-06-R-linux-gtk-x86_64/eclipse/configuration/org.eclipse.osgi/258/0/.cp/lib/javaagent-shaded.jar -Dfile.encoding=UTF-8 org.eclipse.jdt.internal.junit.runner.RemoteTestRunner -version 3 -port 41793 -testLoaderClass org.eclipse.jdt.internal.junit5.runner.JUnit5TestLoader -loaderpluginname org.eclipse.jdt.junit5.runtime -test de.featjar.analysis.javasmt.VariableRangeAnalysisTest:formulaHasRangeVariableFrom0To2 -uniqueId [engine:junit-jupiter]/[class:de.featjar.analysis.javasmt.VariableRangeAnalysisTest]/[method:formulaHasRangeVariableFrom0To2()]

Host: AMD Ryzen 7 PRO 4750U with Radeon Graphics, 16 cores, 14G, Fedora release 41 (Forty One)
Time: Thu Nov  6 20:41:09 2025 CET elapsed time: 230877.858705 seconds (2d 16h 7m 57s)

---------------  T H R E A D  ---------------

Current thread (0x00007f807c3511f0):  JavaThread "JDWP Transport Listener: dt_socket" daemon [_thread_in_native, id=1115405, stack(0x00007f8051600000,0x00007f8051700000)]

Stack: [0x00007f8051600000,0x00007f8051700000],  sp=0x00007f80516fea50,  free space=1018k
Native frames: (J=compiled Java code, j=interpreted, Vv=VM code, C=native code)
C  [libc.so.6+0x1cac1]  __run_exit_handlers+0x1b1
C  [libc.so.6+0x1cb8e]
C  [libjdwp.so+0x10b0a]
C  [libjdwp.so+0xce9d]  doExit+0x5d
C  [libjdwp.so+0x13a99]  debugLoop_run+0x299
C  [libjdwp.so+0x26f44]  attachThread+0x54
V  [libjvm.so+0xa33e8f]  JvmtiAgentThread::call_start_function()+0x6f
V  [libjvm.so+0xe62564]  JavaThread::thread_main_inner()+0x184
V  [libjvm.so+0xe65c10]  Thread::call_run()+0xc0
V  [libjvm.so+0xc1aa21]  thread_native_entry(Thread*)+0xe1
C  [libc.so.6+0x71724]  start_thread+0x2b4


siginfo: si_signo: 11 (SIGSEGV), si_code: 1 (SEGV_MAPERR), si_addr: 0x00000000001f9516

Register to memory mapping:

RAX=
[error occurred during error reporting (printing register info), id 0xb, SIGSEGV (0xb) at pc=0x00007f808315323e]

Registers:
RAX=0x00007f8029b0ea80, RBX=0x00007f80831fafa8, RCX=0x0000000000000001, RDX=0x0000000000000001
RSP=0x00007f80516fea48, RBP=0x00007f80516feaa0, RSI=0x0000000000000001, RDI=0x00007f8029b25370
R8 =0x00007f8029b25370, R9 =0x0000000000000000, R10=0x0000000000000000, R11=0x0000000000000293
R12=0x00000000000000c8, R13=0x0000000000000001, R14=0x00007f80831f9680, R15=0x00007f807ca088d0
RIP=0x00000000001f9516, EFLAGS=0x0000000000010246, CSGSFS=0x002b000000000033, ERR=0x0000000000000014
  TRAPNO=0x000000000000000e

Top of Stack: (sp=0x00007f80516fea48)
0x00007f80516fea48:   00007f808302cac1 00007f80516feb80
0x00007f80516fea58:   000000017c33fb40 00007f80516fea80
0x00007f80516fea68:   00007f8082ff143e 0000000000000000
0x00007f80516fea78:   00007f80830071e0 0000000000000001 

Instructions: (pc=0x00007f808302cac1)
0x00007f808302c9c1:   00 44 89 ef ff d0 31 c0 ba 01 00 00 00 f0 0f b1
0x00007f808302c9d1:   13 0f 85 a9 00 00 00 48 8b 05 c1 e5 1c 00 4c 39
0x00007f808302c9e1:   e0 0f 85 68 ff ff ff 49 8b 47 08 48 85 c0 0f 85
0x00007f808302c9f1:   74 ff ff ff 49 8b 07 49 89 06 48 85 c0 74 20 4c
0x00007f808302ca01:   89 ff e8 88 4a fe ff 4d 8b 3e 4d 85 ff 0f 85 48
0x00007f808302ca11:   ff ff ff 66 66 2e 0f 1f 84 00 00 00 00 00 90 31
0x00007f808302ca21:   c0 c6 05 bf e9 1c 00 01 87 03 83 f8 01 0f 8f 15
0x00007f808302ca31:   01 00 00 80 7d bc 00 0f 85 01 01 00 00 44 89 ef
0x00007f808302ca41:   e8 2a 28 0a 00 66 2e 0f 1f 84 00 00 00 00 00 31
0x00007f808302ca51:   c9 48 8b 40 18 48 c1 c8 11 64 48 33 04 25 30 00
0x00007f808302ca61:   00 00 87 0b 83 f9 01 0f 8f 92 00 00 00 ff d0 31
0x00007f808302ca71:   c0 ba 01 00 00 00 f0 0f b1 13 0f 84 57 ff ff ff
0x00007f808302ca81:   48 89 df e8 b7 1b 05 00 e9 4a ff ff ff 66 90 48
0x00007f808302ca91:   8b 48 18 4c 8b 40 20 48 c7 40 10 00 00 00 00 48
0x00007f808302caa1:   89 c8 31 c9 48 c1 c8 11 64 48 33 04 25 30 00 00
0x00007f808302cab1:   00 87 0b 83 f9 01 7f 27 4c 89 c7 44 89 ee ff d0
0x00007f808302cac1:   31 c0 bf 01 00 00 00 f0 0f b1 3b 0f 84 06 ff ff
0x00007f808302cad1:   ff 48 89 df e8 66 1b 05 00 e9 f9 fe ff ff 90 48
0x00007f808302cae1:   89 df 48 89 45 c0 4c 89 45 c8 e8 10 1c 05 00 48
0x00007f808302caf1:   8b 45 c0 4c 8b 45 c8 eb bf 66 0f 1f 44 00 00 48
0x00007f808302cb01:   89 df 48 89 45 c8 e8 f4 1b 05 00 48 8b 45 c8 e9
0x00007f808302cb11:   59 ff ff ff 0f 1f 00 48 89 df 48 89 45 c0 48 89
0x00007f808302cb21:   75 c8 e8 d8 1b 05 00 48 8b 45 c0 48 8b 75 c8 e9
0x00007f808302cb31:   8d fe ff ff e8 b6 fb ff ff e9 f7 fd ff ff e8 0c
0x00007f808302cb41:   f5 04 00 e9 f5 fe ff ff 48 89 df e8 af 1b 05 00
0x00007f808302cb51:   e9 de fe ff ff 48 89 df e8 e2 1a 05 00 e9 ed fd
0x00007f808302cb61:   ff ff 66 66 2e 0f 1f 84 00 00 00 00 00 66 90 f3
0x00007f808302cb71:   0f 1e fa 55 b9 01 00 00 00 ba 01 00 00 00 48 8d
0x00007f808302cb81:   35 fa ca 1c 00 48 89 e5 e8 82 fd ff ff 66 2e 0f
0x00007f808302cb91:   1f 84 00 00 00 00 00 0f 1f 84 00 00 00 00 00 55
0x00007f808302cba1:   48 89 e5 41 55 41 54 49 89 f4 53 89 fb 48 83 ec
0x00007f808302cbb1:   08 4c 8b 2d cf ca 1c 00 4d 85 ed 74 6a 4c 89 ef 


Stack slot to memory mapping:
stack at sp + 0 slots: 0x00007f80516feb80 is pointing into the stack for thread: 0x00007f807c3511f0
stack at sp + 1 slots: 0x000000017c33fb40 is an unknown value
stack at sp + 2 slots: 0x00007f80516fea80 is pointing into the stack for thread: 0x00007f807c3511f0
stack at sp + 3 slots: 0x00007f8082ff143e: <offset 0x000000000002a43e> in /home/klasur/eclipse-rcp-2023-06-R-linux-gtk-x86_64/eclipse/plugins/org.eclipse.justj.openjdk.hotspot.jre.full.linux.x86_64_17.0.7.v20230425-1502/jre/lib/libjdwp.so at 0x00007f8082fc7000
stack at sp + 4 slots: 0x0 is NULL
stack at sp + 5 slots: 0x00007f80830071e0: <offset 0x00000000000401e0> in /home/klasur/eclipse-rcp-2023-06-R-linux-gtk-x86_64/eclipse/plugins/org.eclipse.justj.openjdk.hotspot.jre.full.linux.x86_64_17.0.7.v20230425-1502/jre/lib/libjdwp.so at 0x00007f8082fc7000
stack at sp + 6 slots: 0x0000000000000001 is an unknown value
stack at sp + 7 slots: 0x00007f80516feb80 is pointing into the stack for thread: 0x00007f807c3511f0


---------------  P R O C E S S  ---------------

Threads class SMR info:
_java_thread_list=0x00007f7ff40071b0, length=14, elements={
0x00007f807c02a030, 0x00007f807c1fdb90, 0x00007f807c1ff1e0, 0x00007f807c224470,
0x00007f807c225820, 0x00007f807c226c30, 0x00007f807c2282e0, 0x00007f807c229810,
0x00007f807c22aca0, 0x00007f807c2e54a0, 0x00007f807c3511f0, 0x00007f807c354720,
0x00007f807c59fc50, 0x00007f807c6a61e0
}

Java Threads: ( => current thread )
  0x00007f807c02a030 JavaThread "main" [_thread_blocked, id=1115386, stack(0x00007f8081a1a000,0x00007f8081b1a000)]
  0x00007f807c1fdb90 JavaThread "Reference Handler" daemon [_thread_blocked, id=1115393, stack(0x00007f806017a000,0x00007f806027a000)]
  0x00007f807c1ff1e0 JavaThread "Finalizer" daemon [_thread_blocked, id=1115394, stack(0x00007f806007a000,0x00007f806017a000)]
  0x00007f807c224470 JavaThread "Signal Dispatcher" daemon [_thread_in_vm, id=1115395, stack(0x00007f8051f00000,0x00007f8052000000)]
  0x00007f807c225820 JavaThread "Service Thread" daemon [_thread_blocked, id=1115396, stack(0x00007f8051e00000,0x00007f8051f00000)]
  0x00007f807c226c30 JavaThread "Monitor Deflation Thread" daemon [_thread_blocked, id=1115397, stack(0x00007f8051d00000,0x00007f8051e00000)]
  0x00007f807c2282e0 JavaThread "C2 CompilerThread0" daemon [_thread_blocked, id=1115398, stack(0x00007f8051c00000,0x00007f8051d00000)]
  0x00007f807c229810 JavaThread "C1 CompilerThread0" daemon [_thread_blocked, id=1115399, stack(0x00007f8051b00000,0x00007f8051c00000)]
  0x00007f807c22aca0 JavaThread "Sweeper thread" daemon [_thread_blocked, id=1115400, stack(0x00007f8051a00000,0x00007f8051b00000)]
  0x00007f807c2e54a0 JavaThread "Common-Cleaner" daemon [_thread_blocked, id=1115401, stack(0x00007f8051900000,0x00007f8051a00000)]
=>0x00007f807c3511f0 JavaThread "JDWP Transport Listener: dt_socket" daemon [_thread_in_native, id=1115405, stack(0x00007f8051600000,0x00007f8051700000)]
  0x00007f807c354720 JavaThread "JDWP Event Helper Thread" daemon [_thread_blocked, id=1115408, stack(0x00007f8051500000,0x00007f8051600000)]
  0x00007f807c59fc50 JavaThread "Notification Thread" daemon [_thread_blocked, id=1115412, stack(0x00007f8051300000,0x00007f8051400000)]
  0x00007f807c6a61e0 JavaThread "ReaderThread" [_thread_in_native, id=1115417, stack(0x00007f8050dfe000,0x00007f8050efe000)]

Other Threads:
  0x00007f807c1add20 VMThread "VM Thread" [stack: 0x00007f806027c000,0x00007f806037c000] [id=1115392]
  0x00007f807c258910 WatcherThread [stack: 0x00007f8051200000,0x00007f8051300000] [id=1115413]
  0x00007f807c092a20 GCTaskThread "GC Thread#0" [stack: 0x00007f8080219000,0x00007f8080319000] [id=1115387]
  0x00007f8048006bf0 GCTaskThread "GC Thread#1" [stack: 0x00007f8050cfe000,0x00007f8050dfe000] [id=1115418]
  0x00007f8048007620 GCTaskThread "GC Thread#2" [stack: 0x00007f8050bfc000,0x00007f8050cfc000] [id=1115419]
  0x00007f8048008050 GCTaskThread "GC Thread#3" [stack: 0x00007f8050afa000,0x00007f8050bfa000] [id=1115420]
  0x00007f8048008a80 GCTaskThread "GC Thread#4" [stack: 0x00007f80509f8000,0x00007f8050af8000] [id=1115421]
  0x00007f804800e8d0 GCTaskThread "GC Thread#5" [stack: 0x00007f80508f6000,0x00007f80509f6000] [id=1115422]
  0x00007f804800f2d0 GCTaskThread "GC Thread#6" [stack: 0x00007f80507f4000,0x00007f80508f4000] [id=1115423]
  0x00007f804800d160 GCTaskThread "GC Thread#7" [stack: 0x00007f802a100000,0x00007f802a200000] [id=1115430]
  0x00007f804800da00 GCTaskThread "GC Thread#8" [stack: 0x00007f8029ffe000,0x00007f802a0fe000] [id=1115431]
  0x00007f804800e430 GCTaskThread "GC Thread#9" [stack: 0x00007f8029efc000,0x00007f8029ffc000] [id=1115432]
  0x00007f80480107b0 GCTaskThread "GC Thread#10" [stack: 0x00007f80501f2000,0x00007f80502f2000] [id=1115534]
  0x00007f8048010ef0 GCTaskThread "GC Thread#11" [stack: 0x00007f80500f0000,0x00007f80501f0000] [id=1115535]
  0x00007f8048011670 GCTaskThread "GC Thread#12" [stack: 0x00007f8029dfa000,0x00007f8029efa000] [id=1115536]
  0x00007f807c0a2dc0 ConcurrentGCThread "G1 Main Marker" [stack: 0x00007f8080117000,0x00007f8080217000] [id=1115388]
  0x00007f807c0a3d20 ConcurrentGCThread "G1 Conc#0" [stack: 0x00007f8080015000,0x00007f8080115000] [id=1115389]
  0x00007f8054000eb0 ConcurrentGCThread "G1 Conc#1" [stack: 0x00007f8029cf8000,0x00007f8029df8000] [id=1115537]
  0x00007f8054001640 ConcurrentGCThread "G1 Conc#2" [stack: 0x00007f8029bf6000,0x00007f8029cf6000] [id=1115538]
  0x00007f807c1670c0 ConcurrentGCThread "G1 Refine#0" [stack: 0x00007f806055c000,0x00007f806065c000] [id=1115390]
  0x00007f807c167fb0 ConcurrentGCThread "G1 Service" [stack: 0x00007f806045a000,0x00007f806055a000] [id=1115391]

Threads with active compile tasks:

VM state: not at safepoint (normal execution)

VM Mutex/Monitor currently owned by a thread: None

Heap address: 0x0000000712800000, size: 3800 MB, Compressed Oops mode: Zero based, Oop shift amount: 3

CDS archive(s) not mapped
Compressed class space mapped at: 0x0000000800000000-0x0000000840000000, reserved size: 1073741824
Narrow klass base: 0x0000000800000000, Narrow klass shift: 0, Narrow klass range: 0x40000000

GC Precious Log:
 CPUs: 16 total, 16 available
 Memory: 15194M
 Large Page Support: Disabled
 NUMA Support: Disabled
 Compressed Oops: Enabled (Zero based)
 Heap Region Size: 2M
 Heap Min Capacity: 8M
 Heap Initial Capacity: 238M
 Heap Max Capacity: 3800M
 Pre-touch: Disabled
 Parallel Workers: 13
 Concurrent Workers: 3
 Concurrent Refinement Workers: 13
 Periodic GC: Disabled

Heap:
 garbage-first heap   total 34816K, used 6588K [0x0000000712800000, 0x0000000800000000)
  region size 2048K, 2 young (4096K), 1 survivors (2048K)
 Metaspace       used 23545K, committed 23744K, reserved 1114112K
  class space    used 2569K, committed 2688K, reserved 1048576K

Heap Regions: E=young(eden), S=young(survivor), O=old, HS=humongous(starts), HC=humongous(continues), CS=collection set, F=free, OA=open archive, CA=closed archive, TAMS=top-at-mark-start (previous, next)
|   0|0x0000000712800000, 0x0000000712a00000, 0x0000000712a00000|100%| O|  |TAMS 0x0000000712a00000, 0x0000000712800000| Untracked 
|   1|0x0000000712a00000, 0x0000000712b54200, 0x0000000712c00000| 66%| O|  |TAMS 0x0000000712b54200, 0x0000000712a00000| Complete 
|   2|0x0000000712c00000, 0x0000000712d32a00, 0x0000000712e00000| 59%| O|  |TAMS 0x0000000712c00000, 0x0000000712c00000| Untracked 
|   3|0x0000000712e00000, 0x0000000712e00000, 0x0000000713000000|  0%| F|  |TAMS 0x0000000712e00000, 0x0000000712e00000| Untracked 
|   4|0x0000000713000000, 0x0000000713000000, 0x0000000713200000|  0%| F|  |TAMS 0x0000000713000000, 0x0000000713000000| Untracked 
|   5|0x0000000713200000, 0x0000000713200000, 0x0000000713400000|  0%| F|  |TAMS 0x0000000713200000, 0x0000000713200000| Untracked 
|   6|0x0000000713400000, 0x00000007135e8480, 0x0000000713600000| 95%| S|CS|TAMS 0x0000000713400000, 0x0000000713400000| Complete 
|   7|0x0000000713600000, 0x0000000713600000, 0x0000000713800000|  0%| F|  |TAMS 0x0000000713600000, 0x0000000713600000| Untracked 
|   8|0x0000000713800000, 0x0000000713800000, 0x0000000713a00000|  0%| F|  |TAMS 0x0000000713800000, 0x0000000713800000| Untracked 
|   9|0x0000000713a00000, 0x0000000713a00000, 0x0000000713c00000|  0%| F|  |TAMS 0x0000000713a00000, 0x0000000713a00000| Untracked 
|  10|0x0000000713c00000, 0x0000000713c00000, 0x0000000713e00000|  0%| F|  |TAMS 0x0000000713c00000, 0x0000000713c00000| Untracked 
|  11|0x0000000713e00000, 0x0000000713e00000, 0x0000000714000000|  0%| F|  |TAMS 0x0000000713e00000, 0x0000000713e00000| Untracked 
|  12|0x0000000714000000, 0x0000000714000000, 0x0000000714200000|  0%| F|  |TAMS 0x0000000714000000, 0x0000000714000000| Untracked 
|  13|0x0000000714200000, 0x0000000714200000, 0x0000000714400000|  0%| F|  |TAMS 0x0000000714200000, 0x0000000714200000| Untracked 
|  89|0x000000071da00000, 0x000000071da00000, 0x000000071dc00000|  0%| F|  |TAMS 0x000000071da00000, 0x000000071da00000| Untracked 
|  90|0x000000071dc00000, 0x000000071dc00000, 0x000000071de00000|  0%| F|  |TAMS 0x000000071dc00000, 0x000000071dc00000| Untracked 
| 118|0x0000000721400000, 0x0000000721461630, 0x0000000721600000| 19%| E|  |TAMS 0x0000000721400000, 0x0000000721400000| Complete 

Card table byte_map: [0x00007f8069094000,0x00007f8069800000] _byte_map_base: 0x00007f8065800000

Marking Bits (Prev, Next): (CMBitMap*) 0x00007f807c0934e0, (CMBitMap*) 0x00007f807c0934a0
 Prev Bits: [0x00007f8061268000, 0x00007f8064dc8000)
 Next Bits: [0x00007f8064dc8000, 0x00007f8068928000)

Polling page: 0x00007f808324a000

Metaspace:

Usage:
  Non-class:     20.48 MB used.
      Class:      2.51 MB used.
       Both:     22.99 MB used.

Virtual space:
  Non-class space:       64.00 MB reserved,      20.56 MB ( 32%) committed,  1 nodes.
      Class space:        1.00 GB reserved,       2.62 MB ( <1%) committed,  1 nodes.
             Both:        1.06 GB reserved,      23.19 MB (  2%) committed. 

Chunk freelists:
   Non-Class:  11.38 MB
       Class:  13.19 MB
        Both:  24.56 MB

MaxMetaspaceSize: unlimited
CompressedClassSpaceSize: 1.00 GB
Initial GC threshold: 21.00 MB
Current GC threshold: 35.12 MB
CDS: off
MetaspaceReclaimPolicy: balanced
 - commit_granule_bytes: 65536.
 - commit_granule_words: 8192.
 - virtual_space_node_default_size: 8388608.
 - enlarge_chunks_in_place: 1.
 - new_chunks_are_fully_committed: 0.
 - uncommit_free_chunks: 1.
 - use_allocation_guard: 0.
 - handle_deallocations: 1.


Internal statistics:

num_allocs_failed_limit: 3.
num_arena_births: 184.
num_arena_deaths: 0.
num_vsnodes_births: 2.
num_vsnodes_deaths: 0.
num_space_committed: 371.
num_space_uncommitted: 0.
num_chunks_returned_to_freelist: 3.
num_chunks_taken_from_freelist: 566.
num_chunk_merges: 0.
num_chunk_splits: 321.
num_chunks_enlarged: 220.
num_inconsistent_stats: 0.

CodeHeap 'non-profiled nmethods': size=119168Kb used=1166Kb max_used=1166Kb free=118001Kb
 bounds [0x00007f80713a0000, 0x00007f8071610000, 0x00007f8078800000]
CodeHeap 'profiled nmethods': size=119164Kb used=4247Kb max_used=4247Kb free=114916Kb
 bounds [0x00007f8069800000, 0x00007f8069c30000, 0x00007f8070c5f000]
CodeHeap 'non-nmethods': size=7428Kb used=1251Kb max_used=2964Kb free=6176Kb
 bounds [0x00007f8070c5f000, 0x00007f8070f4f000, 0x00007f80713a0000]
 total_blobs=2590 nmethods=2086 adapters=418
 compilation: enabled
              stopped_count=0, restarted_count=0
 full_count=0

Compilation events (20 events):
Event: 1.258 Thread 0x00007f801805db20 nmethod 2063 0x00007f8069c23290 code [0x00007f8069c23440, 0x00007f8069c23630]
Event: 1.261 Thread 0x00007f7ff005a490 nmethod 2062 0x00007f80714a0590 code [0x00007f80714a07c0, 0x00007f80714a0f30]
Event: 1.261 Thread 0x00007f80142a3ed0 2064       3       java.util.stream.ReferencePipeline::filter (22 bytes)
Event: 1.261 Thread 0x00007f80140a4350 2065       3       java.util.stream.ReferencePipeline$2::<init> (20 bytes)
Event: 1.261 Thread 0x00007f801805db20 2067       3       java.util.stream.ReferencePipeline$2$1::<init> (11 bytes)
Event: 1.261 Thread 0x00007f807c229810 2066       3       java.util.stream.ReferencePipeline$2::opWrapSink (10 bytes)
Event: 1.262 Thread 0x00007f80140a4350 nmethod 2065 0x00007f8069c23710 code [0x00007f8069c238e0, 0x00007f8069c23be0]
Event: 1.262 Thread 0x00007f801805db20 nmethod 2067 0x00007f8069c23d90 code [0x00007f8069c23f80, 0x00007f8069c244a0]
Event: 1.262 Thread 0x00007f80140a4350 2068       3       java.util.stream.ReferencePipeline$2$1::begin (13 bytes)
Event: 1.262 Thread 0x00007f80142a3ed0 nmethod 2064 0x00007f8069c24690 code [0x00007f8069c24880, 0x00007f8069c24db0]
Event: 1.262 Thread 0x00007f807c229810 nmethod 2066 0x00007f8069c25010 code [0x00007f8069c25200, 0x00007f8069c25800]
Event: 1.262 Thread 0x00007f80140a4350 nmethod 2068 0x00007f8069c25a10 code [0x00007f8069c25bc0, 0x00007f8069c25da0]
Event: 1.310 Thread 0x00007f7ff0013540 nmethod 1991 0x00007f80714a1390 code [0x00007f80714a1700, 0x00007f80714a5338]
Event: 1.314 Thread 0x00007f800815da10 nmethod 2055 0x00007f80714a7390 code [0x00007f80714a77a0, 0x00007f80714aa1a8]
Event: 1.321 Thread 0x00007f7ff0016050 nmethod 2031% 0x00007f80714abb90 code [0x00007f80714abea0, 0x00007f80714af060]
Event: 1.368 Thread 0x00007f7ff0017240 nmethod 1824% 0x00007f80714b0190 code [0x00007f80714b06a0, 0x00007f80714ba400]
Event: 55699.792 Thread 0x00007f807c2282e0 2087       4       jdk.internal.misc.InnocuousThread::eraseThreadLocals (23 bytes)
Event: 55699.799 Thread 0x00007f807c2282e0 nmethod 2087 0x00007f80714c3310 code [0x00007f80714c3480, 0x00007f80714c3598]
Event: 127482.954 Thread 0x00007f807c2282e0 2088       4       java.lang.ref.ReferenceQueue::reallyPoll (65 bytes)
Event: 127482.963 Thread 0x00007f807c2282e0 nmethod 2088 0x00007f80714c3610 code [0x00007f80714c37a0, 0x00007f80714c3ad8]

GC Heap History (8 events):
Event: 0.612 GC heap before
{Heap before GC invocations=0 (full 0):
 garbage-first heap   total 243712K, used 22528K [0x0000000712800000, 0x0000000800000000)
  region size 2048K, 11 young (22528K), 0 survivors (0K)
 Metaspace       used 12375K, committed 12480K, reserved 1114112K
  class space    used 1137K, committed 1216K, reserved 1048576K
}
Event: 0.616 GC heap after
{Heap after GC invocations=1 (full 0):
 garbage-first heap   total 243712K, used 3692K [0x0000000712800000, 0x0000000800000000)
  region size 2048K, 2 young (4096K), 2 survivors (4096K)
 Metaspace       used 12375K, committed 12480K, reserved 1114112K
  class space    used 1137K, committed 1216K, reserved 1048576K
}
Event: 1.018 GC heap before
{Heap before GC invocations=1 (full 0):
 garbage-first heap   total 243712K, used 36460K [0x0000000712800000, 0x0000000800000000)
  region size 2048K, 18 young (36864K), 2 survivors (4096K)
 Metaspace       used 17228K, committed 17472K, reserved 1114112K
  class space    used 1743K, committed 1856K, reserved 1048576K
}
Event: 1.025 GC heap after
{Heap after GC invocations=2 (full 0):
 garbage-first heap   total 243712K, used 6992K [0x0000000712800000, 0x0000000800000000)
  region size 2048K, 2 young (4096K), 2 survivors (4096K)
 Metaspace       used 17228K, committed 17472K, reserved 1114112K
  class space    used 1743K, committed 1856K, reserved 1048576K
}
Event: 17.403 GC heap before
{Heap before GC invocations=2 (full 0):
 garbage-first heap   total 243712K, used 58192K [0x0000000712800000, 0x0000000800000000)
  region size 2048K, 28 young (57344K), 2 survivors (4096K)
 Metaspace       used 21313K, committed 21504K, reserved 1114112K
  class space    used 2276K, committed 2368K, reserved 1048576K
}
Event: 17.408 GC heap after
{Heap after GC invocations=3 (full 0):
 garbage-first heap   total 243712K, used 6031K [0x0000000712800000, 0x0000000800000000)
  region size 2048K, 2 young (4096K), 2 survivors (4096K)
 Metaspace       used 21313K, committed 21504K, reserved 1114112K
  class space    used 2276K, committed 2368K, reserved 1048576K
}
Event: 118122.892 GC heap before
{Heap before GC invocations=4 (full 0):
 garbage-first heap   total 34816K, used 22415K [0x0000000712800000, 0x0000000800000000)
  region size 2048K, 10 young (20480K), 2 survivors (4096K)
 Metaspace       used 23488K, committed 23744K, reserved 1114112K
  class space    used 2561K, committed 2688K, reserved 1048576K
}
Event: 118122.905 GC heap after
{Heap after GC invocations=5 (full 0):
 garbage-first heap   total 34816K, used 6588K [0x0000000712800000, 0x0000000800000000)
  region size 2048K, 1 young (2048K), 1 survivors (2048K)
 Metaspace       used 23488K, committed 23744K, reserved 1114112K
  class space    used 2561K, committed 2688K, reserved 1048576K
}

Dll operation events (12 events):
Event: 0.003 Loaded shared library /home/klasur/eclipse-rcp-2023-06-R-linux-gtk-x86_64/eclipse/plugins/org.eclipse.justj.openjdk.hotspot.jre.full.linux.x86_64_17.0.7.v20230425-1502/jre/lib/libjava.so
Event: 0.234 Loaded shared library /home/klasur/eclipse-rcp-2023-06-R-linux-gtk-x86_64/eclipse/plugins/org.eclipse.justj.openjdk.hotspot.jre.full.linux.x86_64_17.0.7.v20230425-1502/jre/lib/libzip.so
Event: 0.236 Loaded shared library /home/klasur/eclipse-rcp-2023-06-R-linux-gtk-x86_64/eclipse/plugins/org.eclipse.justj.openjdk.hotspot.jre.full.linux.x86_64_17.0.7.v20230425-1502/jre/lib/libinstrument.so
Event: 0.242 Loaded shared library /home/klasur/eclipse-rcp-2023-06-R-linux-gtk-x86_64/eclipse/plugins/org.eclipse.justj.openjdk.hotspot.jre.full.linux.x86_64_17.0.7.v20230425-1502/jre/lib/libnio.so
Event: 0.250 Loaded shared library /home/klasur/eclipse-rcp-2023-06-R-linux-gtk-x86_64/eclipse/plugins/org.eclipse.justj.openjdk.hotspot.jre.full.linux.x86_64_17.0.7.v20230425-1502/jre/lib/libzip.so
Event: 0.355 Loaded shared library /home/klasur/eclipse-rcp-2023-06-R-linux-gtk-x86_64/eclipse/plugins/org.eclipse.justj.openjdk.hotspot.jre.full.linux.x86_64_17.0.7.v20230425-1502/jre/lib/libjimage.so
Event: 0.402 Loaded shared library /home/klasur/eclipse-rcp-2023-06-R-linux-gtk-x86_64/eclipse/plugins/org.eclipse.justj.openjdk.hotspot.jre.full.linux.x86_64_17.0.7.v20230425-1502/jre/lib/libverify.so
Event: 0.517 Loaded shared library /home/klasur/eclipse-rcp-2023-06-R-linux-gtk-x86_64/eclipse/plugins/org.eclipse.justj.openjdk.hotspot.jre.full.linux.x86_64_17.0.7.v20230425-1502/jre/lib/libnet.so
Event: 0.525 Loaded shared library /home/klasur/eclipse-rcp-2023-06-R-linux-gtk-x86_64/eclipse/plugins/org.eclipse.justj.openjdk.hotspot.jre.full.linux.x86_64_17.0.7.v20230425-1502/jre/lib/libextnet.so
Event: 17.302 Loaded shared library /home/klasur/eclipse-rcp-2023-06-R-linux-gtk-x86_64/eclipse/plugins/org.eclipse.justj.openjdk.hotspot.jre.full.linux.x86_64_17.0.7.v20230425-1502/jre/lib/libmanagement.so
Event: 17.351 Loaded shared library /home/klasur/eclipse-rcp-2023-06-R-linux-gtk-x86_64/eclipse/plugins/org.eclipse.justj.openjdk.hotspot.jre.full.linux.x86_64_17.0.7.v20230425-1502/jre/lib/libmanagement_ext.so
Event: 19.184 Loaded shared library /home/klasur/.featjar-bin/libmathsat5j.so

Deoptimization events (20 events):
Event: 1.228 Thread 0x00007f807c02a030 Uncommon trap: trap_request=0xffffff45 fr.pc=0x00007f807145a7c0 relative=0x0000000000000900
Event: 1.228 Thread 0x00007f807c02a030 Uncommon trap: reason=unstable_if action=reinterpret pc=0x00007f807145a7c0 method=java.util.regex.Pattern$BnM.optimize(Ljava/util/regex/Pattern$Node;)Ljava/util/regex/Pattern$Node; @ 22 c2
Event: 1.228 Thread 0x00007f807c02a030 DEOPT PACKING pc=0x00007f807145a7c0 sp=0x00007f8081b15bc0
Event: 1.228 Thread 0x00007f807c02a030 DEOPT UNPACKING pc=0x00007f8070cb5699 sp=0x00007f8081b15b78 mode 2
Event: 1.251 Thread 0x00007f807c02a030 Uncommon trap: trap_request=0xffffffc6 fr.pc=0x00007f80714964c4 relative=0x0000000000004c44
Event: 1.251 Thread 0x00007f807c02a030 Uncommon trap: reason=bimorphic_or_optimized_type_check action=maybe_recompile pc=0x00007f80714964c4 method=java.util.stream.ReferencePipeline$3$1.accept(Ljava/lang/Object;)V @ 17 c2
Event: 1.251 Thread 0x00007f807c02a030 DEOPT PACKING pc=0x00007f80714964c4 sp=0x00007f8081b16320
Event: 1.251 Thread 0x00007f807c02a030 DEOPT UNPACKING pc=0x00007f8070cb5699 sp=0x00007f8081b16378 mode 2
Event: 1.255 Thread 0x00007f807c02a030 Uncommon trap: trap_request=0xffffffc6 fr.pc=0x00007f80714964c4 relative=0x0000000000004c44
Event: 1.255 Thread 0x00007f807c02a030 Uncommon trap: reason=bimorphic_or_optimized_type_check action=maybe_recompile pc=0x00007f80714964c4 method=java.util.stream.ReferencePipeline$3$1.accept(Ljava/lang/Object;)V @ 17 c2
Event: 1.255 Thread 0x00007f807c02a030 DEOPT PACKING pc=0x00007f80714964c4 sp=0x00007f8081b16980
Event: 1.255 Thread 0x00007f807c02a030 DEOPT UNPACKING pc=0x00007f8070cb5699 sp=0x00007f8081b169d8 mode 2
Event: 1.255 Thread 0x00007f807c02a030 Uncommon trap: trap_request=0xffffffc6 fr.pc=0x00007f80714964c4 relative=0x0000000000004c44
Event: 1.255 Thread 0x00007f807c02a030 Uncommon trap: reason=bimorphic_or_optimized_type_check action=maybe_recompile pc=0x00007f80714964c4 method=java.util.stream.ReferencePipeline$3$1.accept(Ljava/lang/Object;)V @ 17 c2
Event: 1.255 Thread 0x00007f807c02a030 DEOPT PACKING pc=0x00007f80714964c4 sp=0x00007f8081b16b90
Event: 1.255 Thread 0x00007f807c02a030 DEOPT UNPACKING pc=0x00007f8070cb5699 sp=0x00007f8081b16be8 mode 2
Event: 1.257 Thread 0x00007f807c02a030 Uncommon trap: trap_request=0xffffffc6 fr.pc=0x00007f80714964c4 relative=0x0000000000004c44
Event: 1.257 Thread 0x00007f807c02a030 Uncommon trap: reason=bimorphic_or_optimized_type_check action=maybe_recompile pc=0x00007f80714964c4 method=java.util.stream.ReferencePipeline$3$1.accept(Ljava/lang/Object;)V @ 17 c2
Event: 1.257 Thread 0x00007f807c02a030 DEOPT PACKING pc=0x00007f80714964c4 sp=0x00007f8081b16770
Event: 1.257 Thread 0x00007f807c02a030 DEOPT UNPACKING pc=0x00007f8070cb5699 sp=0x00007f8081b167c8 mode 2

Classes unloaded (0 events):
No events

Classes redefined (6 events):
Event: 118122.962 Thread 0x00007f807c1add20 redefined class name=de.featjar.analysis.javasmt.computation.ComputeJavaSMTFormula, count=1
Event: 118122.962 Thread 0x00007f807c1add20 redefined class name=de.featjar.analysis.javasmt.VariableRangeAnalysisTest, count=1
Event: 118122.962 Thread 0x00007f807c1add20 redefined class name=de.featjar.analysis.javasmt.solver.JavaSMTFormula, count=1
Event: 118122.962 Thread 0x00007f807c1add20 redefined class name=de.featjar.analysis.javasmt.solver.JavaSMTSolver, count=1
Event: 118122.962 Thread 0x00007f807c1add20 redefined class name=de.featjar.analysis.javasmt.computation.AJavaSMTAnalysis, count=1
Event: 118122.962 Thread 0x00007f807c1add20 redefined class name=de.featjar.analysis.javasmt.computation.ComputeVariableRange, count=2

Internal exceptions (20 events):
Event: 0.840 Thread 0x00007f807c02a030 Exception <a 'java/lang/NoSuchMethodError'{0x00000007207d7fc0}: 'java.lang.Object java.lang.invoke.DirectMethodHandle$Holder.newInvokeSpecial(java.lang.Object, java.lang.Object, java.lang.Object, java.lang.Object, java.lang.Object, java.lang.Object)'> (0x00000007207d7fc0) 
thrown [src/hotspot/share/interpreter/linkResolver.cpp, line 758]
Event: 0.840 Thread 0x00007f807c02a030 Exception <a 'java/lang/IncompatibleClassChangeError'{0x00000007207dcad0}: Found class java.lang.Object, but interface was expected> (0x00000007207dcad0) 
thrown [src/hotspot/share/interpreter/linkResolver.cpp, line 826]
Event: 0.863 Thread 0x00007f807c02a030 Exception <a 'java/lang/NoSuchMethodError'{0x0000000720282ca0}: 'int java.lang.invoke.DirectMethodHandle$Holder.invokeStaticInit(java.lang.Object, java.lang.Object, java.lang.Object)'> (0x0000000720282ca0) 
thrown [src/hotspot/share/interpreter/linkResolver.cpp, line 758]
Event: 0.887 Thread 0x00007f807c02a030 Exception <a 'java/lang/NoSuchMethodError'{0x000000072001c6a8}: 'void java.lang.invoke.DirectMethodHandle$Holder.invokeVirtual(java.lang.Object, java.lang.Object)'> (0x000000072001c6a8) 
thrown [src/hotspot/share/interpreter/linkResolver.cpp, line 758]
Event: 0.888 Thread 0x00007f807c02a030 Exception <a 'java/lang/NoSuchMethodError'{0x000000072002a998}: 'int java.lang.invoke.DirectMethodHandle$Holder.invokeVirtual(java.lang.Object, java.lang.Object, java.lang.Object)'> (0x000000072002a998) 
thrown [src/hotspot/share/interpreter/linkResolver.cpp, line 758]
Event: 0.985 Thread 0x00007f807c02a030 Exception <a 'java/lang/NoSuchMethodError'{0x000000071f797458}: 'java.lang.Object java.lang.invoke.DirectMethodHandle$Holder.invokeStatic(java.lang.Object, java.lang.Object, int, java.lang.Object)'> (0x000000071f797458) 
thrown [src/hotspot/share/interpreter/linkResolver.cpp, line 758]
Event: 1.125 Thread 0x00007f807c02a030 Exception <a 'java/lang/NoSuchMethodError'{0x000000071f68c4f8}: 'double java.lang.invoke.DirectMethodHandle$Holder.invokeStatic(java.lang.Object, java.lang.Object)'> (0x000000071f68c4f8) 
thrown [src/hotspot/share/interpreter/linkResolver.cpp, line 758]
Event: 1.127 Thread 0x00007f807c02a030 Exception <a 'java/lang/NoSuchMethodError'{0x000000071f692b30}: 'long java.lang.invoke.DirectMethodHandle$Holder.invokeStatic(java.lang.Object, java.lang.Object)'> (0x000000071f692b30) 
thrown [src/hotspot/share/interpreter/linkResolver.cpp, line 758]
Event: 1.160 Thread 0x00007f807c02a030 Exception <a 'sun/nio/fs/UnixException'{0x000000071f4b22a8}> (0x000000071f4b22a8) 
thrown [src/hotspot/share/prims/jni.cpp, line 516]
Event: 1.165 Thread 0x00007f807c02a030 Implicit null exception at 0x00007f80713ca057 to 0x00007f80713ca628
Event: 1.165 Thread 0x00007f807c02a030 Implicit null exception at 0x00007f80713d10d7 to 0x00007f80713d169c
Event: 1.221 Thread 0x00007f807c02a030 Exception <a 'java/lang/NoSuchMethodError'{0x000000071f311768}: 'java.lang.Object java.lang.invoke.DirectMethodHandle$Holder.invokeStatic(java.lang.Object, int, java.lang.Object)'> (0x000000071f311768) 
thrown [src/hotspot/share/interpreter/linkResolver.cpp, line 758]
Event: 1.247 Thread 0x00007f807c02a030 Exception <a 'java/lang/NoSuchMethodError'{0x000000071f3dbb60}: 'java.lang.Object java.lang.invoke.DirectMethodHandle$Holder.newInvokeSpecial(java.lang.Object, java.lang.Object, java.lang.Object, java.lang.Object, java.lang.Object, java.lang.Object, java.lang.Object)'> (0x000000071f3dbb60) 
thrown [src/hotspot/share/interpreter/linkResolver.cpp, line 758]
Event: 1.248 Thread 0x00007f807c02a030 Exception <a 'java/lang/NoSuchMethodError'{0x000000071f3e0718}: 'java.lang.Object java.lang.invoke.Invokers$Holder.linkToTargetMethod(java.lang.Object, java.lang.Object, java.lang.Object, java.lang.Object, java.lang.Object, java.lang.Object, java.lang.Object)'> (0x000000071f3e0718) 
thrown [src/hotspot/share/interpreter/linkResolver.cpp, line 758]
Event: 1.250 Thread 0x00007f807c02a030 Exception <a 'java/lang/NoSuchMethodError'{0x000000071f3fbfc0}: 'java.lang.Object java.lang.invoke.DirectMethodHandle$Holder.invokeInterface(java.lang.Object, java.lang.Object, java.lang.Object, java.lang.Object, java.lang.Object)'> (0x000000071f3fbfc0) 
thrown [src/hotspot/share/interpreter/linkResolver.cpp, line 758]
Event: 1.250 Thread 0x00007f807c02a030 Exception <a 'java/lang/IncompatibleClassChangeError'{0x000000071ec00000}: Found class java.lang.Object, but interface was expected> (0x000000071ec00000) 
thrown [src/hotspot/share/interpreter/linkResolver.cpp, line 826]
Event: 5.346 Thread 0x00007f807c02a030 Exception <a 'java/lang/NoSuchMethodError'{0x000000071ecd6350}: 'int java.lang.invoke.DirectMethodHandle$Holder.invokeSpecialIFC(java.lang.Object, java.lang.Object, java.lang.Object)'> (0x000000071ecd6350) 
thrown [src/hotspot/share/interpreter/linkResolver.cpp, line 758]
Event: 17.358 Thread 0x00007f807c02a030 Exception <a 'java/lang/NoSuchMethodError'{0x000000071dee2298}: 'int java.lang.invoke.DirectMethodHandle$Holder.invokeInterface(java.lang.Object, java.lang.Object)'> (0x000000071dee2298) 
thrown [src/hotspot/share/interpreter/linkResolver.cpp, line 758]
Event: 17.364 Thread 0x00007f807c02a030 Exception <a 'java/lang/IncompatibleClassChangeError'{0x000000071dee5d78}: Found class java.lang.Object, but interface was expected> (0x000000071dee5d78) 
thrown [src/hotspot/share/interpreter/linkResolver.cpp, line 826]
Event: 59.113 Thread 0x00007f807c02a030 Exception <a 'java/lang/UnsatisfiedLinkError'{0x00000007136ed240}: 'long org.sosy_lab.java_smt.solvers.mathsat5.Mathsat5NativeApi.msat_make_minimize(long, long)'> (0x00000007136ed240) 
thrown [src/hotspot/share/prims/nativeLookup.cpp, line 543]

VM Operations (20 events):
Event: 230841.920 Executing VM operation: get/set locals
Event: 230841.920 Executing VM operation: get/set locals done
Event: 230841.921 Executing VM operation: get/set locals
Event: 230841.921 Executing VM operation: get/set locals done
Event: 230841.921 Executing VM operation: get/set locals
Event: 230841.922 Executing VM operation: get/set locals done
Event: 230841.923 Executing VM operation: get/set locals
Event: 230841.923 Executing VM operation: get/set locals done
Event: 230841.945 Executing VM operation: get/set locals
Event: 230841.945 Executing VM operation: get/set locals done
Event: 230841.946 Executing VM operation: get/set locals
Event: 230841.946 Executing VM operation: get/set locals done
Event: 230841.965 Executing VM operation: get/set locals
Event: 230841.965 Executing VM operation: get/set locals done
Event: 230841.987 Executing VM operation: get/set locals
Event: 230841.987 Executing VM operation: get/set locals done
Event: 230841.988 Executing VM operation: get/set locals
Event: 230841.988 Executing VM operation: get/set locals done
Event: 230841.988 Executing VM operation: get/set locals
Event: 230841.988 Executing VM operation: get/set locals done

Events (20 events):
Event: 20.492 loading class java/util/stream/SliceOps$1
Event: 20.492 loading class java/util/stream/SliceOps$1 done
Event: 20.497 loading class java/util/stream/SliceOps$1$1
Event: 20.497 loading class java/util/stream/SliceOps$1$1 done
Event: 20.717 loading class java/util/concurrent/CompletionStage
Event: 20.717 loading class java/util/concurrent/CompletionStage done
Event: 20.750 loading class java/util/concurrent/CompletionException
Event: 20.750 loading class java/util/concurrent/CompletionException done
Event: 20.751 loading class java/util/concurrent/RunnableFuture
Event: 20.751 loading class java/util/concurrent/RunnableFuture done
Event: 20.762 loading class java/util/concurrent/RejectedExecutionException
Event: 20.762 loading class java/util/concurrent/RejectedExecutionException done
Event: 20.779 loading class java/util/concurrent/FutureTask
Event: 20.779 loading class java/util/concurrent/FutureTask done
Event: 20.779 loading class java/util/concurrent/FutureTask$WaitNode
Event: 20.779 loading class java/util/concurrent/FutureTask$WaitNode done
Event: 20.806 loading class java/util/concurrent/CompletableFuture
Event: 20.807 loading class java/util/concurrent/CompletableFuture done
Event: 21.262 Thread 0x00007f8004033a00 Thread exited: 0x00007f8004033a00
Event: 230877.831 Thread 0x00007f7ffc001130 Thread exited: 0x00007f7ffc001130


Dynamic libraries:
712800000-714400000 rw-p 00000000 00:00 0 
714400000-71da00000 ---p 00000000 00:00 0 
71da00000-71de00000 rw-p 00000000 00:00 0 
71de00000-721400000 ---p 00000000 00:00 0 
721400000-721600000 rw-p 00000000 00:00 0 
721600000-800000000 ---p 00000000 00:00 0 
800000000-800020000 rw-p 00000000 00:00 0 
800020000-800040000 rw-p 00000000 00:00 0 
800040000-800100000 rw-p 00000000 00:00 0 
800100000-800140000 rw-p 00000000 00:00 0 
800140000-800180000 rw-p 00000000 00:00 0 
800180000-800200000 rw-p 00000000 00:00 0 
800200000-800260000 rw-p 00000000 00:00 0 
800260000-800290000 rw-p 00000000 00:00 0 
800290000-8002c0000 ---p 00000000 00:00 0 
8002c0000-8002d0000 rw-p 00000000 00:00 0 
8002d0000-840000000 ---p 00000000 00:00 0 
5622a59bf000-5622a59c0000 r--p 00000000 00:28 20519393                   /home/klasur/eclipse-rcp-2023-06-R-linux-gtk-x86_64/eclipse/plugins/org.eclipse.justj.openjdk.hotspot.jre.full.linux.x86_64_17.0.7.v20230425-1502/jre/bin/java
5622a59c0000-5622a59c1000 r-xp 00001000 00:28 20519393                   /home/klasur/eclipse-rcp-2023-06-R-linux-gtk-x86_64/eclipse/plugins/org.eclipse.justj.openjdk.hotspot.jre.full.linux.x86_64_17.0.7.v20230425-1502/jre/bin/java
5622a59c1000-5622a59c2000 r--p 00002000 00:28 20519393                   /home/klasur/eclipse-rcp-2023-06-R-linux-gtk-x86_64/eclipse/plugins/org.eclipse.justj.openjdk.hotspot.jre.full.linux.x86_64_17.0.7.v20230425-1502/jre/bin/java
5622a59c2000-5622a59c3000 r--p 00002000 00:28 20519393                   /home/klasur/eclipse-rcp-2023-06-R-linux-gtk-x86_64/eclipse/plugins/org.eclipse.justj.openjdk.hotspot.jre.full.linux.x86_64_17.0.7.v20230425-1502/jre/bin/java
5622a59c3000-5622a59c4000 rw-p 00003000 00:28 20519393                   /home/klasur/eclipse-rcp-2023-06-R-linux-gtk-x86_64/eclipse/plugins/org.eclipse.justj.openjdk.hotspot.jre.full.linux.x86_64_17.0.7.v20230425-1502/jre/bin/java
5622b5dd0000-5622b5e1a000 rw-p 00000000 00:00 0                          [heap]
7f7fa4000000-7f7fa4021000 rw-p 00000000 00:00 0 
7f7fa4021000-7f7fa8000000 ---p 00000000 00:00 0 
7f7fac000000-7f7fac021000 rw-p 00000000 00:00 0 
7f7fac021000-7f7fb0000000 ---p 00000000 00:00 0 
7f7fb0000000-7f7fb0021000 rw-p 00000000 00:00 0 
7f7fb0021000-7f7fb4000000 ---p 00000000 00:00 0 
7f7fb4000000-7f7fb4679000 rw-p 00000000 00:00 0 
7f7fb4679000-7f7fb8000000 ---p 00000000 00:00 0 
7f7fb8000000-7f7fb83da000 rw-p 00000000 00:00 0 
7f7fb83da000-7f7fbc000000 ---p 00000000 00:00 0 
7f7fbc000000-7f7fbc819000 rw-p 00000000 00:00 0 
7f7fbc819000-7f7fc0000000 ---p 00000000 00:00 0 
7f7fc0000000-7f7fc0aae000 rw-p 00000000 00:00 0 
7f7fc0aae000-7f7fc4000000 ---p 00000000 00:00 0 
7f7fc4000000-7f7fc4021000 rw-p 00000000 00:00 0 
7f7fc4021000-7f7fc8000000 ---p 00000000 00:00 0 
7f7fc8000000-7f7fc8668000 rw-p 00000000 00:00 0 
7f7fc8668000-7f7fcc000000 ---p 00000000 00:00 0 
7f7fcc000000-7f7fcc021000 rw-p 00000000 00:00 0 
7f7fcc021000-7f7fd0000000 ---p 00000000 00:00 0 
7f7fd0000000-7f7fd0021000 rw-p 00000000 00:00 0 
7f7fd0021000-7f7fd4000000 ---p 00000000 00:00 0 
7f7fd4000000-7f7fd4021000 rw-p 00000000 00:00 0 
7f7fd4021000-7f7fd8000000 ---p 00000000 00:00 0 
7f7fd8000000-7f7fd8021000 rw-p 00000000 00:00 0 
7f7fd8021000-7f7fdc000000 ---p 00000000 00:00 0 
7f7fdc000000-7f7fdc021000 rw-p 00000000 00:00 0 
7f7fdc021000-7f7fe0000000 ---p 00000000 00:00 0 
7f7fe0000000-7f7fe0021000 rw-p 00000000 00:00 0 
7f7fe0021000-7f7fe4000000 ---p 00000000 00:00 0 
7f7fe4000000-7f7fe40ed000 rw-p 00000000 00:00 0 
7f7fe40ed000-7f7fe8000000 ---p 00000000 00:00 0 
7f7fe8000000-7f7fe8577000 rw-p 00000000 00:00 0 
7f7fe8577000-7f7fec000000 ---p 00000000 00:00 0 
7f7fec000000-7f7fec021000 rw-p 00000000 00:00 0 
7f7fec021000-7f7ff0000000 ---p 00000000 00:00 0 
7f7ff0000000-7f7ff00b5000 rw-p 00000000 00:00 0 
7f7ff00b5000-7f7ff4000000 ---p 00000000 00:00 0 
7f7ff4000000-7f7ff4021000 rw-p 00000000 00:00 0 
7f7ff4021000-7f7ff8000000 ---p 00000000 00:00 0 
7f7ff8000000-7f7ff8021000 rw-p 00000000 00:00 0 
7f7ff8021000-7f7ffc000000 ---p 00000000 00:00 0 
7f7ffc000000-7f7ffc226000 rw-p 00000000 00:00 0 
7f7ffc226000-7f8000000000 ---p 00000000 00:00 0 
7f8000000000-7f8000021000 rw-p 00000000 00:00 0 
7f8000021000-7f8004000000 ---p 00000000 00:00 0 
7f8004000000-7f80042b6000 rw-p 00000000 00:00 0 
7f80042b6000-7f8008000000 ---p 00000000 00:00 0 
7f8008000000-7f80086a9000 rw-p 00000000 00:00 0 
7f80086a9000-7f800c000000 ---p 00000000 00:00 0 
7f800c000000-7f800c021000 rw-p 00000000 00:00 0 
7f800c021000-7f8010000000 ---p 00000000 00:00 0 
7f8010000000-7f8010021000 rw-p 00000000 00:00 0 
7f8010021000-7f8014000000 ---p 00000000 00:00 0 
7f8014000000-7f8014884000 rw-p 00000000 00:00 0 
7f8014884000-7f8018000000 ---p 00000000 00:00 0 
7f8018000000-7f80182a8000 rw-p 00000000 00:00 0 
7f80182a8000-7f801c000000 ---p 00000000 00:00 0 
7f801c000000-7f801c021000 rw-p 00000000 00:00 0 
7f801c021000-7f8020000000 ---p 00000000 00:00 0 
7f8020000000-7f8020021000 rw-p 00000000 00:00 0 
7f8020021000-7f8024000000 ---p 00000000 00:00 0 
7f8024000000-7f8024021000 rw-p 00000000 00:00 0 
7f8024021000-7f8028000000 ---p 00000000 00:00 0 
7f8028d69000-7f8029000000 rw-p 00000000 00:00 0 
7f8029000000-7f80298f7000 r-xp 00000000 00:28 20509853                   /home/klasur/.featjar-bin/libmathsat5j.so
7f80298f7000-7f8029af7000 ---p 008f7000 00:28 20509853                   /home/klasur/.featjar-bin/libmathsat5j.so
7f8029af7000-7f8029b12000 r--p 008f7000 00:28 20509853                   /home/klasur/.featjar-bin/libmathsat5j.so
7f8029b12000-7f8029b26000 rw-p 00912000 00:28 20509853                   /home/klasur/.featjar-bin/libmathsat5j.so
7f8029b26000-7f8029b29000 rw-p 00000000 00:00 0 
7f8029bf4000-7f8029bf5000 ---p 00000000 00:00 0 
7f8029bf5000-7f8029cf6000 rw-p 00000000 00:00 0 
7f8029cf6000-7f8029cf7000 ---p 00000000 00:00 0 
7f8029cf7000-7f8029df8000 rw-p 00000000 00:00 0 
7f8029df8000-7f8029df9000 ---p 00000000 00:00 0 
7f8029df9000-7f8029efa000 rw-p 00000000 00:00 0 
7f8029efa000-7f8029efb000 ---p 00000000 00:00 0 
7f8029efb000-7f8029ffc000 rw-p 00000000 00:00 0 
7f8029ffc000-7f8029ffd000 ---p 00000000 00:00 0 
7f8029ffd000-7f802a0fe000 rw-p 00000000 00:00 0 
7f802a0fe000-7f802a0ff000 ---p 00000000 00:00 0 
7f802a0ff000-7f802a200000 rw-p 00000000 00:00 0 
7f802a200000-7f8037f97000 r--p 00000000 00:28 68662618                   /usr/lib/locale/locale-archive
7f8038000000-7f8038021000 rw-p 00000000 00:00 0 
7f8038021000-7f803c000000 ---p 00000000 00:00 0 
7f803c000000-7f803c021000 rw-p 00000000 00:00 0 
7f803c021000-7f8040000000 ---p 00000000 00:00 0 
7f8040000000-7f8040500000 rw-p 00000000 00:00 0 
7f8040500000-7f8040520000 rw-p 00000000 00:00 0 
7f8040520000-7f8040540000 rw-p 00000000 00:00 0 
7f8040540000-7f8040580000 rw-p 00000000 00:00 0 
7f8040580000-7f8040900000 rw-p 00000000 00:00 0 
7f8040900000-7f8040980000 rw-p 00000000 00:00 0 
7f8040980000-7f8040a00000 rw-p 00000000 00:00 0 
7f8040a00000-7f8040b00000 rw-p 00000000 00:00 0 
7f8040b00000-7f8040c00000 rw-p 00000000 00:00 0 
7f8040c00000-7f8040ce0000 rw-p 00000000 00:00 0 
7f8040ce0000-7f8040d00000 rw-p 00000000 00:00 0 
7f8040d00000-7f8041000000 rw-p 00000000 00:00 0 
7f8041000000-7f8041100000 rw-p 00000000 00:00 0 
7f8041100000-7f8041200000 rw-p 00000000 00:00 0 
7f8041200000-7f8041300000 rw-p 00000000 00:00 0 
7f8041300000-7f80413f0000 rw-p 00000000 00:00 0 
7f80413f0000-7f8041400000 ---p 00000000 00:00 0 
7f8041400000-7f80414a0000 rw-p 00000000 00:00 0 
7f80414a0000-7f8044000000 ---p 00000000 00:00 0 
7f8044000000-7f8044021000 rw-p 00000000 00:00 0 
7f8044021000-7f8048000000 ---p 00000000 00:00 0 
7f8048000000-7f8048021000 rw-p 00000000 00:00 0 
7f8048021000-7f804c000000 ---p 00000000 00:00 0 
7f804c000000-7f804c021000 rw-p 00000000 00:00 0 
7f804c021000-7f8050000000 ---p 00000000 00:00 0 
7f80500ee000-7f80500ef000 ---p 00000000 00:00 0 
7f80500ef000-7f80501f0000 rw-p 00000000 00:00 0 
7f80501f0000-7f80501f1000 ---p 00000000 00:00 0 
7f80501f1000-7f80502f2000 rw-p 00000000 00:00 0 
7f80502f2000-7f80502f6000 ---p 00000000 00:00 0 
7f80502f6000-7f80503f2000 rw-p 00000000 00:00 0 
7f80503f2000-7f80503f6000 ---p 00000000 00:00 0 
7f80503f6000-7f80504f2000 rw-p 00000000 00:00 0 
7f80504f2000-7f80504f6000 ---p 00000000 00:00 0 
7f80504f6000-7f80505f2000 rw-p 00000000 00:00 0 
7f80505f2000-7f80505f6000 ---p 00000000 00:00 0 
7f80505f6000-7f80506f2000 rw-p 00000000 00:00 0 
7f80506f2000-7f80506f6000 ---p 00000000 00:00 0 
7f80506f6000-7f80507f2000 rw-p 00000000 00:00 0 
7f80507f2000-7f80507f3000 ---p 00000000 00:00 0 
7f80507f3000-7f80508f4000 rw-p 00000000 00:00 0 
7f80508f4000-7f80508f5000 ---p 00000000 00:00 0 
7f80508f5000-7f80509f6000 rw-p 00000000 00:00 0 
7f80509f6000-7f80509f7000 ---p 00000000 00:00 0 
7f80509f7000-7f8050af8000 rw-p 00000000 00:00 0 
7f8050af8000-7f8050af9000 ---p 00000000 00:00 0 
7f8050af9000-7f8050bfa000 rw-p 00000000 00:00 0 
7f8050bfa000-7f8050bfb000 ---p 00000000 00:00 0 
7f8050bfb000-7f8050cfc000 rw-p 00000000 00:00 0 
7f8050cfc000-7f8050cfd000 ---p 00000000 00:00 0 
7f8050cfd000-7f8050dfe000 rw-p 00000000 00:00 0 
7f8050dfe000-7f8050e02000 ---p 00000000 00:00 0 
7f8050e02000-7f8050efe000 rw-p 00000000 00:00 0 
7f8050efe000-7f8050f02000 ---p 00000000 00:00 0 
7f8050f02000-7f8050ffe000 rw-p 00000000 00:00 0 
7f8050ffe000-7f8051002000 ---p 00000000 00:00 0 
7f8051002000-7f80510fe000 rw-p 00000000 00:00 0 
7f80510fe000-7f8051102000 ---p 00000000 00:00 0 
7f8051102000-7f80511fe000 rw-p 00000000 00:00 0 
7f80511fe000-7f80511ff000 ---p 00000000 00:00 0 
7f80511ff000-7f8051300000 rw-p 00000000 00:00 0 
7f8051300000-7f8051304000 ---p 00000000 00:00 0 
7f8051304000-7f8051400000 rw-p 00000000 00:00 0 
7f8051400000-7f8051404000 ---p 00000000 00:00 0 
7f8051404000-7f8051500000 rw-p 00000000 00:00 0 
7f8051500000-7f8051504000 ---p 00000000 00:00 0 
7f8051504000-7f8051600000 rw-p 00000000 00:00 0 
7f8051600000-7f8051604000 ---p 00000000 00:00 0 
7f8051604000-7f8051700000 rw-p 00000000 00:00 0 
7f8051700000-7f8051704000 ---p 00000000 00:00 0 
7f8051704000-7f8051800000 rw-p 00000000 00:00 0 
7f8051800000-7f8051804000 ---p 00000000 00:00 0 
7f8051804000-7f8051900000 rw-p 00000000 00:00 0 
7f8051900000-7f8051904000 ---p 00000000 00:00 0 
7f8051904000-7f8051a00000 rw-p 00000000 00:00 0 
7f8051a00000-7f8051a04000 ---p 00000000 00:00 0 
7f8051a04000-7f8051b00000 rw-p 00000000 00:00 0 
7f8051b00000-7f8051b04000 ---p 00000000 00:00 0 
7f8051b04000-7f8051c00000 rw-p 00000000 00:00 0 
7f8051c00000-7f8051c04000 ---p 00000000 00:00 0 
7f8051c04000-7f8051d00000 rw-p 00000000 00:00 0 
7f8051d00000-7f8051d04000 ---p 00000000 00:00 0 
7f8051d04000-7f8051e00000 rw-p 00000000 00:00 0 
7f8051e00000-7f8051e04000 ---p 00000000 00:00 0 
7f8051e04000-7f8051f00000 rw-p 00000000 00:00 0 
7f8051f00000-7f8051f04000 ---p 00000000 00:00 0 
7f8051f04000-7f8052000000 rw-p 00000000 00:00 0 
7f8052000000-7f8054021000 rw-p 00000000 00:00 0 
7f8054021000-7f8058000000 ---p 00000000 00:00 0 
7f8058000000-7f8058021000 rw-p 00000000 00:00 0 
7f8058021000-7f805c000000 ---p 00000000 00:00 0 
7f805c000000-7f805c021000 rw-p 00000000 00:00 0 
7f805c021000-7f8060000000 ---p 00000000 00:00 0 
7f806004b000-7f806004c000 r--p 00000000 00:28 68657369                   /usr/lib64/libgcc_s-14-20250808.so.1
7f806004c000-7f8060070000 r-xp 00001000 00:28 68657369                   /usr/lib64/libgcc_s-14-20250808.so.1
7f8060070000-7f8060078000 r--p 00025000 00:28 68657369                   /usr/lib64/libgcc_s-14-20250808.so.1
7f8060078000-7f8060079000 r--p 0002c000 00:28 68657369                   /usr/lib64/libgcc_s-14-20250808.so.1
7f8060079000-7f806007a000 rw-p 00000000 00:00 0 
7f806007a000-7f806007e000 ---p 00000000 00:00 0 
7f806007e000-7f806017a000 rw-p 00000000 00:00 0 
7f806017a000-7f806017e000 ---p 00000000 00:00 0 
7f806017e000-7f806027a000 rw-p 00000000 00:00 0 
7f806027a000-7f806027b000 ---p 00000000 00:00 0 
7f806027b000-7f806037c000 rw-p 00000000 00:00 0 
7f806037c000-7f8060458000 rw-p 00000000 00:00 0 
7f8060458000-7f8060459000 ---p 00000000 00:00 0 
7f8060459000-7f806055a000 rw-p 00000000 00:00 0 
7f806055a000-7f806055b000 ---p 00000000 00:00 0 
7f806055b000-7f806065c000 rw-p 00000000 00:00 0 
7f806065c000-7f80612d8000 rw-p 00000000 00:00 0 
7f80612d8000-7f8061530000 ---p 00000000 00:00 0 
7f8061530000-7f8061540000 rw-p 00000000 00:00 0 
7f8061540000-7f8061618000 ---p 00000000 00:00 0 
7f8061618000-7f8061620000 rw-p 00000000 00:00 0 
7f8061620000-7f8064dc8000 ---p 00000000 00:00 0 
7f8064dc8000-7f8064e38000 rw-p 00000000 00:00 0 
7f8064e38000-7f8065090000 ---p 00000000 00:00 0 
7f8065090000-7f80650a0000 rw-p 00000000 00:00 0 
7f80650a0000-7f8065178000 ---p 00000000 00:00 0 
7f8065178000-7f8065180000 rw-p 00000000 00:00 0 
7f8065180000-7f8068928000 ---p 00000000 00:00 0 
7f8068928000-7f8068936000 rw-p 00000000 00:00 0 
7f8068936000-7f8068981000 ---p 00000000 00:00 0 
7f8068981000-7f8068983000 rw-p 00000000 00:00 0 
7f8068983000-7f806899e000 ---p 00000000 00:00 0 
7f806899e000-7f806899f000 rw-p 00000000 00:00 0 
7f806899f000-7f8069094000 ---p 00000000 00:00 0 
7f8069094000-7f80690a2000 rw-p 00000000 00:00 0 
7f80690a2000-7f80690ed000 ---p 00000000 00:00 0 
7f80690ed000-7f80690ef000 rw-p 00000000 00:00 0 
7f80690ef000-7f806910a000 ---p 00000000 00:00 0 
7f806910a000-7f806910b000 rw-p 00000000 00:00 0 
7f806910b000-7f8069800000 ---p 00000000 00:00 0 
7f8069800000-7f8069c30000 rwxp 00000000 00:00 0 
7f8069c30000-7f8070c5f000 ---p 00000000 00:00 0 
7f8070c5f000-7f8070f4f000 rwxp 00000000 00:00 0 
7f8070f4f000-7f80713a0000 ---p 00000000 00:00 0 
7f80713a0000-7f8071610000 rwxp 00000000 00:00 0 
7f8071610000-7f8078800000 ---p 00000000 00:00 0 
7f8078800000-7f807be65000 r--s 00000000 00:28 20519769                   /home/klasur/eclipse-rcp-2023-06-R-linux-gtk-x86_64/eclipse/plugins/org.eclipse.justj.openjdk.hotspot.jre.full.linux.x86_64_17.0.7.v20230425-1502/jre/lib/modules
7f807be91000-7f807be93000 r--p 00000000 00:28 20519807                   /home/klasur/eclipse-rcp-2023-06-R-linux-gtk-x86_64/eclipse/plugins/org.eclipse.justj.openjdk.hotspot.jre.full.linux.x86_64_17.0.7.v20230425-1502/jre/lib/libmanagement_ext.so
7f807be93000-7f807be96000 r-xp 00002000 00:28 20519807                   /home/klasur/eclipse-rcp-2023-06-R-linux-gtk-x86_64/eclipse/plugins/org.eclipse.justj.openjdk.hotspot.jre.full.linux.x86_64_17.0.7.v20230425-1502/jre/lib/libmanagement_ext.so
7f807be96000-7f807be97000 r--p 00005000 00:28 20519807                   /home/klasur/eclipse-rcp-2023-06-R-linux-gtk-x86_64/eclipse/plugins/org.eclipse.justj.openjdk.hotspot.jre.full.linux.x86_64_17.0.7.v20230425-1502/jre/lib/libmanagement_ext.so
7f807be97000-7f807be98000 ---p 00006000 00:28 20519807                   /home/klasur/eclipse-rcp-2023-06-R-linux-gtk-x86_64/eclipse/plugins/org.eclipse.justj.openjdk.hotspot.jre.full.linux.x86_64_17.0.7.v20230425-1502/jre/lib/libmanagement_ext.so
7f807be98000-7f807be99000 r--p 00006000 00:28 20519807                   /home/klasur/eclipse-rcp-2023-06-R-linux-gtk-x86_64/eclipse/plugins/org.eclipse.justj.openjdk.hotspot.jre.full.linux.x86_64_17.0.7.v20230425-1502/jre/lib/libmanagement_ext.so
7f807be99000-7f807be9a000 rw-p 00007000 00:28 20519807                   /home/klasur/eclipse-rcp-2023-06-R-linux-gtk-x86_64/eclipse/plugins/org.eclipse.justj.openjdk.hotspot.jre.full.linux.x86_64_17.0.7.v20230425-1502/jre/lib/libmanagement_ext.so
7f807be9a000-7f807be9d000 r--p 00000000 00:28 20519796                   /home/klasur/eclipse-rcp-2023-06-R-linux-gtk-x86_64/eclipse/plugins/org.eclipse.justj.openjdk.hotspot.jre.full.linux.x86_64_17.0.7.v20230425-1502/jre/lib/libmanagement.so
7f807be9d000-7f807be9e000 r-xp 00003000 00:28 20519796                   /home/klasur/eclipse-rcp-2023-06-R-linux-gtk-x86_64/eclipse/plugins/org.eclipse.justj.openjdk.hotspot.jre.full.linux.x86_64_17.0.7.v20230425-1502/jre/lib/libmanagement.so
7f807be9e000-7f807be9f000 r--p 00004000 00:28 20519796                   /home/klasur/eclipse-rcp-2023-06-R-linux-gtk-x86_64/eclipse/plugins/org.eclipse.justj.openjdk.hotspot.jre.full.linux.x86_64_17.0.7.v20230425-1502/jre/lib/libmanagement.so
7f807be9f000-7f807bea0000 r--p 00004000 00:28 20519796                   /home/klasur/eclipse-rcp-2023-06-R-linux-gtk-x86_64/eclipse/plugins/org.eclipse.justj.openjdk.hotspot.jre.full.linux.x86_64_17.0.7.v20230425-1502/jre/lib/libmanagement.so
7f807bea0000-7f807bea1000 rw-p 00005000 00:28 20519796                   /home/klasur/eclipse-rcp-2023-06-R-linux-gtk-x86_64/eclipse/plugins/org.eclipse.justj.openjdk.hotspot.jre.full.linux.x86_64_17.0.7.v20230425-1502/jre/lib/libmanagement.so
7f807bea1000-7f807bea2000 r--p 00000000 00:28 20519809                   /home/klasur/eclipse-rcp-2023-06-R-linux-gtk-x86_64/eclipse/plugins/org.eclipse.justj.openjdk.hotspot.jre.full.linux.x86_64_17.0.7.v20230425-1502/jre/lib/libextnet.so
7f807bea2000-7f807bea3000 r-xp 00001000 00:28 20519809                   /home/klasur/eclipse-rcp-2023-06-R-linux-gtk-x86_64/eclipse/plugins/org.eclipse.justj.openjdk.hotspot.jre.full.linux.x86_64_17.0.7.v20230425-1502/jre/lib/libextnet.so
7f807bea3000-7f807bea4000 r--p 00002000 00:28 20519809                   /home/klasur/eclipse-rcp-2023-06-R-linux-gtk-x86_64/eclipse/plugins/org.eclipse.justj.openjdk.hotspot.jre.full.linux.x86_64_17.0.7.v20230425-1502/jre/lib/libextnet.so
7f807bea4000-7f807bea5000 r--p 00002000 00:28 20519809                   /home/klasur/eclipse-rcp-2023-06-R-linux-gtk-x86_64/eclipse/plugins/org.eclipse.justj.openjdk.hotspot.jre.full.linux.x86_64_17.0.7.v20230425-1502/jre/lib/libextnet.so
7f807bea5000-7f807bea6000 rw-p 00003000 00:28 20519809                   /home/klasur/eclipse-rcp-2023-06-R-linux-gtk-x86_64/eclipse/plugins/org.eclipse.justj.openjdk.hotspot.jre.full.linux.x86_64_17.0.7.v20230425-1502/jre/lib/libextnet.so
7f807bea6000-7f807beaa000 r--p 00000000 00:28 20519778                   /home/klasur/eclipse-rcp-2023-06-R-linux-gtk-x86_64/eclipse/plugins/org.eclipse.justj.openjdk.hotspot.jre.full.linux.x86_64_17.0.7.v20230425-1502/jre/lib/libnet.so
7f807beaa000-7f807beb8000 r-xp 00004000 00:28 20519778                   /home/klasur/eclipse-rcp-2023-06-R-linux-gtk-x86_64/eclipse/plugins/org.eclipse.justj.openjdk.hotspot.jre.full.linux.x86_64_17.0.7.v20230425-1502/jre/lib/libnet.so
7f807beb8000-7f807bebc000 r--p 00012000 00:28 20519778                   /home/klasur/eclipse-rcp-2023-06-R-linux-gtk-x86_64/eclipse/plugins/org.eclipse.justj.openjdk.hotspot.jre.full.linux.x86_64_17.0.7.v20230425-1502/jre/lib/libnet.so
7f807bebc000-7f807bebd000 r--p 00015000 00:28 20519778                   /home/klasur/eclipse-rcp-2023-06-R-linux-gtk-x86_64/eclipse/plugins/org.eclipse.justj.openjdk.hotspot.jre.full.linux.x86_64_17.0.7.v20230425-1502/jre/lib/libnet.so
7f807bebd000-7f807bebe000 rw-p 00016000 00:28 20519778                   /home/klasur/eclipse-rcp-2023-06-R-linux-gtk-x86_64/eclipse/plugins/org.eclipse.justj.openjdk.hotspot.jre.full.linux.x86_64_17.0.7.v20230425-1502/jre/lib/libnet.so
7f807bebe000-7f807cd20000 rw-p 00000000 00:00 0 
7f807cd20000-7f8080000000 ---p 00000000 00:00 0 
7f8080003000-7f8080007000 r--p 00000000 00:28 20519780                   /home/klasur/eclipse-rcp-2023-06-R-linux-gtk-x86_64/eclipse/plugins/org.eclipse.justj.openjdk.hotspot.jre.full.linux.x86_64_17.0.7.v20230425-1502/jre/lib/libverify.so
7f8080007000-7f808000e000 r-xp 00004000 00:28 20519780                   /home/klasur/eclipse-rcp-2023-06-R-linux-gtk-x86_64/eclipse/plugins/org.eclipse.justj.openjdk.hotspot.jre.full.linux.x86_64_17.0.7.v20230425-1502/jre/lib/libverify.so
7f808000e000-7f8080010000 r--p 0000b000 00:28 20519780                   /home/klasur/eclipse-rcp-2023-06-R-linux-gtk-x86_64/eclipse/plugins/org.eclipse.justj.openjdk.hotspot.jre.full.linux.x86_64_17.0.7.v20230425-1502/jre/lib/libverify.so
7f8080010000-7f8080012000 r--p 0000c000 00:28 20519780                   /home/klasur/eclipse-rcp-2023-06-R-linux-gtk-x86_64/eclipse/plugins/org.eclipse.justj.openjdk.hotspot.jre.full.linux.x86_64_17.0.7.v20230425-1502/jre/lib/libverify.so
7f8080012000-7f8080013000 rw-p 0000e000 00:28 20519780                   /home/klasur/eclipse-rcp-2023-06-R-linux-gtk-x86_64/eclipse/plugins/org.eclipse.justj.openjdk.hotspot.jre.full.linux.x86_64_17.0.7.v20230425-1502/jre/lib/libverify.so
7f8080013000-7f8080014000 ---p 00000000 00:00 0 
7f8080014000-7f8080115000 rw-p 00000000 00:00 0 
7f8080115000-7f8080116000 ---p 00000000 00:00 0 
7f8080116000-7f8080217000 rw-p 00000000 00:00 0 
7f8080217000-7f8080218000 ---p 00000000 00:00 0 
7f8080218000-7f8080319000 rw-p 00000000 00:00 0 
7f8080319000-7f80803dd000 rw-p 00000000 00:00 0 
7f80803dd000-7f8080428000 ---p 00000000 00:00 0 
7f8080428000-7f808042a000 rw-p 00000000 00:00 0 
7f808042a000-7f8080445000 ---p 00000000 00:00 0 
7f8080445000-7f8080446000 rw-p 00000000 00:00 0 
7f8080446000-7f8080b3b000 ---p 00000000 00:00 0 
7f8080b3b000-7f808184d000 rw-p 00000000 00:00 0 
7f808184d000-7f8081931000 ---p 00000000 00:00 0 
7f8081931000-7f808193a000 rw-p 00000000 00:00 0 
7f808193a000-7f8081a1a000 ---p 00000000 00:00 0 
7f8081a1a000-7f8081a1e000 ---p 00000000 00:00 0 
7f8081a1e000-7f8081b1a000 rw-p 00000000 00:00 0 
7f8081b1a000-7f8081b1b000 r--p 00000000 00:28 68663427                   /usr/lib64/libm.so.6
7f8081b1b000-7f8081b94000 r-xp 00001000 00:28 68663427                   /usr/lib64/libm.so.6
7f8081b94000-7f8081bfe000 r--p 0007a000 00:28 68663427                   /usr/lib64/libm.so.6
7f8081bfe000-7f8081bff000 r--p 000e3000 00:28 68663427                   /usr/lib64/libm.so.6
7f8081bff000-7f8081c00000 rw-p 000e4000 00:28 68663427                   /usr/lib64/libm.so.6
7f8081c00000-7f8081e52000 r--p 00000000 00:28 20519765                   /home/klasur/eclipse-rcp-2023-06-R-linux-gtk-x86_64/eclipse/plugins/org.eclipse.justj.openjdk.hotspot.jre.full.linux.x86_64_17.0.7.v20230425-1502/jre/lib/server/libjvm.so
7f8081e52000-7f8082b72000 r-xp 00252000 00:28 20519765                   /home/klasur/eclipse-rcp-2023-06-R-linux-gtk-x86_64/eclipse/plugins/org.eclipse.justj.openjdk.hotspot.jre.full.linux.x86_64_17.0.7.v20230425-1502/jre/lib/server/libjvm.so
7f8082b72000-7f8082dfe000 r--p 00f72000 00:28 20519765                   /home/klasur/eclipse-rcp-2023-06-R-linux-gtk-x86_64/eclipse/plugins/org.eclipse.justj.openjdk.hotspot.jre.full.linux.x86_64_17.0.7.v20230425-1502/jre/lib/server/libjvm.so
7f8082dfe000-7f8082dff000 ---p 011fe000 00:28 20519765                   /home/klasur/eclipse-rcp-2023-06-R-linux-gtk-x86_64/eclipse/plugins/org.eclipse.justj.openjdk.hotspot.jre.full.linux.x86_64_17.0.7.v20230425-1502/jre/lib/server/libjvm.so
7f8082dff000-7f8082eb8000 r--p 011fe000 00:28 20519765                   /home/klasur/eclipse-rcp-2023-06-R-linux-gtk-x86_64/eclipse/plugins/org.eclipse.justj.openjdk.hotspot.jre.full.linux.x86_64_17.0.7.v20230425-1502/jre/lib/server/libjvm.so
7f8082eb8000-7f8082eed000 rw-p 012b7000 00:28 20519765                   /home/klasur/eclipse-rcp-2023-06-R-linux-gtk-x86_64/eclipse/plugins/org.eclipse.justj.openjdk.hotspot.jre.full.linux.x86_64_17.0.7.v20230425-1502/jre/lib/server/libjvm.so
7f8082eed000-7f8082f47000 rw-p 00000000 00:00 0 
7f8082f49000-7f8082f50000 r--p 00000000 00:28 20519779                   /home/klasur/eclipse-rcp-2023-06-R-linux-gtk-x86_64/eclipse/plugins/org.eclipse.justj.openjdk.hotspot.jre.full.linux.x86_64_17.0.7.v20230425-1502/jre/lib/libnio.so
7f8082f50000-7f8082f59000 r-xp 00007000 00:28 20519779                   /home/klasur/eclipse-rcp-2023-06-R-linux-gtk-x86_64/eclipse/plugins/org.eclipse.justj.openjdk.hotspot.jre.full.linux.x86_64_17.0.7.v20230425-1502/jre/lib/libnio.so
7f8082f59000-7f8082f5d000 r--p 00010000 00:28 20519779                   /home/klasur/eclipse-rcp-2023-06-R-linux-gtk-x86_64/eclipse/plugins/org.eclipse.justj.openjdk.hotspot.jre.full.linux.x86_64_17.0.7.v20230425-1502/jre/lib/libnio.so
7f8082f5d000-7f8082f5e000 ---p 00014000 00:28 20519779                   /home/klasur/eclipse-rcp-2023-06-R-linux-gtk-x86_64/eclipse/plugins/org.eclipse.justj.openjdk.hotspot.jre.full.linux.x86_64_17.0.7.v20230425-1502/jre/lib/libnio.so
7f8082f5e000-7f8082f5f000 r--p 00014000 00:28 20519779                   /home/klasur/eclipse-rcp-2023-06-R-linux-gtk-x86_64/eclipse/plugins/org.eclipse.justj.openjdk.hotspot.jre.full.linux.x86_64_17.0.7.v20230425-1502/jre/lib/libnio.so
7f8082f5f000-7f8082f60000 rw-p 00015000 00:28 20519779                   /home/klasur/eclipse-rcp-2023-06-R-linux-gtk-x86_64/eclipse/plugins/org.eclipse.justj.openjdk.hotspot.jre.full.linux.x86_64_17.0.7.v20230425-1502/jre/lib/libnio.so
7f8082f60000-7f8082f62000 r--p 00000000 00:28 20519805                   /home/klasur/eclipse-rcp-2023-06-R-linux-gtk-x86_64/eclipse/plugins/org.eclipse.justj.openjdk.hotspot.jre.full.linux.x86_64_17.0.7.v20230425-1502/jre/lib/libdt_socket.so
7f8082f62000-7f8082f65000 r-xp 00002000 00:28 20519805                   /home/klasur/eclipse-rcp-2023-06-R-linux-gtk-x86_64/eclipse/plugins/org.eclipse.justj.openjdk.hotspot.jre.full.linux.x86_64_17.0.7.v20230425-1502/jre/lib/libdt_socket.so
7f8082f65000-7f8082f66000 r--p 00005000 00:28 20519805                   /home/klasur/eclipse-rcp-2023-06-R-linux-gtk-x86_64/eclipse/plugins/org.eclipse.justj.openjdk.hotspot.jre.full.linux.x86_64_17.0.7.v20230425-1502/jre/lib/libdt_socket.so
7f8082f66000-7f8082f67000 ---p 00006000 00:28 20519805                   /home/klasur/eclipse-rcp-2023-06-R-linux-gtk-x86_64/eclipse/plugins/org.eclipse.justj.openjdk.hotspot.jre.full.linux.x86_64_17.0.7.v20230425-1502/jre/lib/libdt_socket.so
7f8082f67000-7f8082f68000 r--p 00006000 00:28 20519805                   /home/klasur/eclipse-rcp-2023-06-R-linux-gtk-x86_64/eclipse/plugins/org.eclipse.justj.openjdk.hotspot.jre.full.linux.x86_64_17.0.7.v20230425-1502/jre/lib/libdt_socket.so
7f8082f68000-7f8082f69000 rw-p 00007000 00:28 20519805                   /home/klasur/eclipse-rcp-2023-06-R-linux-gtk-x86_64/eclipse/plugins/org.eclipse.justj.openjdk.hotspot.jre.full.linux.x86_64_17.0.7.v20230425-1502/jre/lib/libdt_socket.so
7f8082f69000-7f8082f70000 r--s 00000000 00:28 68924983                   /usr/lib64/gconv/gconv-modules.cache
7f8082f70000-7f8082f72000 r--p 00000000 00:28 20519781                   /home/klasur/eclipse-rcp-2023-06-R-linux-gtk-x86_64/eclipse/plugins/org.eclipse.justj.openjdk.hotspot.jre.full.linux.x86_64_17.0.7.v20230425-1502/jre/lib/libzip.so
7f8082f72000-7f8082f76000 r-xp 00002000 00:28 20519781                   /home/klasur/eclipse-rcp-2023-06-R-linux-gtk-x86_64/eclipse/plugins/org.eclipse.justj.openjdk.hotspot.jre.full.linux.x86_64_17.0.7.v20230425-1502/jre/lib/libzip.so
7f8082f76000-7f8082f78000 r--p 00006000 00:28 20519781                   /home/klasur/eclipse-rcp-2023-06-R-linux-gtk-x86_64/eclipse/plugins/org.eclipse.justj.openjdk.hotspot.jre.full.linux.x86_64_17.0.7.v20230425-1502/jre/lib/libzip.so
7f8082f78000-7f8082f79000 r--p 00007000 00:28 20519781                   /home/klasur/eclipse-rcp-2023-06-R-linux-gtk-x86_64/eclipse/plugins/org.eclipse.justj.openjdk.hotspot.jre.full.linux.x86_64_17.0.7.v20230425-1502/jre/lib/libzip.so
7f8082f79000-7f8082f7a000 rw-p 00008000 00:28 20519781                   /home/klasur/eclipse-rcp-2023-06-R-linux-gtk-x86_64/eclipse/plugins/org.eclipse.justj.openjdk.hotspot.jre.full.linux.x86_64_17.0.7.v20230425-1502/jre/lib/libzip.so
7f8082f7a000-7f8082f80000 rw-p 00000000 00:00 0 
7f8082f80000-7f8082f89000 ---p 00000000 00:00 0 
7f8082f89000-7f8082f91000 rw-s 00000000 00:30 34996                      /tmp/hsperfdata_klasur/1115377
7f8082f91000-7f8082f93000 r--p 00000000 00:28 20519795                   /home/klasur/eclipse-rcp-2023-06-R-linux-gtk-x86_64/eclipse/plugins/org.eclipse.justj.openjdk.hotspot.jre.full.linux.x86_64_17.0.7.v20230425-1502/jre/lib/libinstrument.so
7f8082f93000-7f8082f99000 r-xp 00002000 00:28 20519795                   /home/klasur/eclipse-rcp-2023-06-R-linux-gtk-x86_64/eclipse/plugins/org.eclipse.justj.openjdk.hotspot.jre.full.linux.x86_64_17.0.7.v20230425-1502/jre/lib/libinstrument.so
7f8082f99000-7f8082f9c000 r--p 00008000 00:28 20519795                   /home/klasur/eclipse-rcp-2023-06-R-linux-gtk-x86_64/eclipse/plugins/org.eclipse.justj.openjdk.hotspot.jre.full.linux.x86_64_17.0.7.v20230425-1502/jre/lib/libinstrument.so
7f8082f9c000-7f8082f9d000 r--p 0000a000 00:28 20519795                   /home/klasur/eclipse-rcp-2023-06-R-linux-gtk-x86_64/eclipse/plugins/org.eclipse.justj.openjdk.hotspot.jre.full.linux.x86_64_17.0.7.v20230425-1502/jre/lib/libinstrument.so
7f8082f9d000-7f8082f9e000 rw-p 0000b000 00:28 20519795                   /home/klasur/eclipse-rcp-2023-06-R-linux-gtk-x86_64/eclipse/plugins/org.eclipse.justj.openjdk.hotspot.jre.full.linux.x86_64_17.0.7.v20230425-1502/jre/lib/libinstrument.so
7f8082f9e000-7f8082fab000 r--p 00000000 00:28 20519774                   /home/klasur/eclipse-rcp-2023-06-R-linux-gtk-x86_64/eclipse/plugins/org.eclipse.justj.openjdk.hotspot.jre.full.linux.x86_64_17.0.7.v20230425-1502/jre/lib/libjava.so
7f8082fab000-7f8082fbd000 r-xp 0000d000 00:28 20519774                   /home/klasur/eclipse-rcp-2023-06-R-linux-gtk-x86_64/eclipse/plugins/org.eclipse.justj.openjdk.hotspot.jre.full.linux.x86_64_17.0.7.v20230425-1502/jre/lib/libjava.so
7f8082fbd000-7f8082fc3000 r--p 0001f000 00:28 20519774                   /home/klasur/eclipse-rcp-2023-06-R-linux-gtk-x86_64/eclipse/plugins/org.eclipse.justj.openjdk.hotspot.jre.full.linux.x86_64_17.0.7.v20230425-1502/jre/lib/libjava.so
7f8082fc3000-7f8082fc4000 ---p 00025000 00:28 20519774                   /home/klasur/eclipse-rcp-2023-06-R-linux-gtk-x86_64/eclipse/plugins/org.eclipse.justj.openjdk.hotspot.jre.full.linux.x86_64_17.0.7.v20230425-1502/jre/lib/libjava.so
7f8082fc4000-7f8082fc5000 r--p 00025000 00:28 20519774                   /home/klasur/eclipse-rcp-2023-06-R-linux-gtk-x86_64/eclipse/plugins/org.eclipse.justj.openjdk.hotspot.jre.full.linux.x86_64_17.0.7.v20230425-1502/jre/lib/libjava.so
7f8082fc5000-7f8082fc6000 rw-p 00026000 00:28 20519774                   /home/klasur/eclipse-rcp-2023-06-R-linux-gtk-x86_64/eclipse/plugins/org.eclipse.justj.openjdk.hotspot.jre.full.linux.x86_64_17.0.7.v20230425-1502/jre/lib/libjava.so
7f8082fc6000-7f8082fc7000 rw-p 00000000 00:00 0 
7f8082fc7000-7f8082fca000 r--p 00000000 00:28 20519806                   /home/klasur/eclipse-rcp-2023-06-R-linux-gtk-x86_64/eclipse/plugins/org.eclipse.justj.openjdk.hotspot.jre.full.linux.x86_64_17.0.7.v20230425-1502/jre/lib/libjdwp.so
7f8082fca000-7f8082ff7000 r-xp 00003000 00:28 20519806                   /home/klasur/eclipse-rcp-2023-06-R-linux-gtk-x86_64/eclipse/plugins/org.eclipse.justj.openjdk.hotspot.jre.full.linux.x86_64_17.0.7.v20230425-1502/jre/lib/libjdwp.so
7f8082ff7000-7f8083005000 r--p 00030000 00:28 20519806                   /home/klasur/eclipse-rcp-2023-06-R-linux-gtk-x86_64/eclipse/plugins/org.eclipse.justj.openjdk.hotspot.jre.full.linux.x86_64_17.0.7.v20230425-1502/jre/lib/libjdwp.so
7f8083005000-7f8083006000 r--p 0003d000 00:28 20519806                   /home/klasur/eclipse-rcp-2023-06-R-linux-gtk-x86_64/eclipse/plugins/org.eclipse.justj.openjdk.hotspot.jre.full.linux.x86_64_17.0.7.v20230425-1502/jre/lib/libjdwp.so
7f8083006000-7f8083007000 rw-p 0003e000 00:28 20519806                   /home/klasur/eclipse-rcp-2023-06-R-linux-gtk-x86_64/eclipse/plugins/org.eclipse.justj.openjdk.hotspot.jre.full.linux.x86_64_17.0.7.v20230425-1502/jre/lib/libjdwp.so
7f8083007000-7f8083008000 rw-p 00000000 00:00 0 
7f8083008000-7f8083009000 r--p 00000000 00:28 68663435                   /usr/lib64/librt.so.1
7f8083009000-7f808300a000 r-xp 00001000 00:28 68663435                   /usr/lib64/librt.so.1
7f808300a000-7f808300b000 r--p 00002000 00:28 68663435                   /usr/lib64/librt.so.1
7f808300b000-7f808300c000 r--p 00002000 00:28 68663435                   /usr/lib64/librt.so.1
7f808300c000-7f8083010000 rw-p 00000000 00:00 0 
7f8083010000-7f8083011000 r--p 00000000 00:28 68663425                   /usr/lib64/libc.so.6
7f8083011000-7f8083180000 r-xp 00001000 00:28 68663425                   /usr/lib64/libc.so.6
7f8083180000-7f80831f5000 r--p 00170000 00:28 68663425                   /usr/lib64/libc.so.6
7f80831f5000-7f80831f9000 r--p 001e5000 00:28 68663425                   /usr/lib64/libc.so.6
7f80831f9000-7f80831fb000 rw-p 001e9000 00:28 68663425                   /usr/lib64/libc.so.6
7f80831fb000-7f8083203000 rw-p 00000000 00:00 0 
7f8083203000-7f8083204000 r--p 00000000 00:28 68663426                   /usr/lib64/libdl.so.2
7f8083204000-7f8083205000 r-xp 00001000 00:28 68663426                   /usr/lib64/libdl.so.2
7f8083205000-7f8083206000 r--p 00002000 00:28 68663426                   /usr/lib64/libdl.so.2
7f8083206000-7f8083207000 r--p 00002000 00:28 68663426                   /usr/lib64/libdl.so.2
7f8083207000-7f808320a000 rw-p 00000000 00:00 0 
7f808320a000-7f808320b000 r--p 00000000 00:28 68663433                   /usr/lib64/libpthread.so.0
7f808320b000-7f808320c000 r-xp 00001000 00:28 68663433                   /usr/lib64/libpthread.so.0
7f808320c000-7f808320d000 r--p 00002000 00:28 68663433                   /usr/lib64/libpthread.so.0
7f808320d000-7f808320e000 r--p 00002000 00:28 68663433                   /usr/lib64/libpthread.so.0
7f808320e000-7f808320f000 rw-p 00000000 00:00 0 
7f808320f000-7f8083212000 r--p 00000000 00:28 20519776                   /home/klasur/eclipse-rcp-2023-06-R-linux-gtk-x86_64/eclipse/plugins/org.eclipse.justj.openjdk.hotspot.jre.full.linux.x86_64_17.0.7.v20230425-1502/jre/lib/libjli.so
7f8083212000-7f808321c000 r-xp 00003000 00:28 20519776                   /home/klasur/eclipse-rcp-2023-06-R-linux-gtk-x86_64/eclipse/plugins/org.eclipse.justj.openjdk.hotspot.jre.full.linux.x86_64_17.0.7.v20230425-1502/jre/lib/libjli.so
7f808321c000-7f808321f000 r--p 0000d000 00:28 20519776                   /home/klasur/eclipse-rcp-2023-06-R-linux-gtk-x86_64/eclipse/plugins/org.eclipse.justj.openjdk.hotspot.jre.full.linux.x86_64_17.0.7.v20230425-1502/jre/lib/libjli.so
7f808321f000-7f8083220000 ---p 00010000 00:28 20519776                   /home/klasur/eclipse-rcp-2023-06-R-linux-gtk-x86_64/eclipse/plugins/org.eclipse.justj.openjdk.hotspot.jre.full.linux.x86_64_17.0.7.v20230425-1502/jre/lib/libjli.so
7f8083220000-7f8083221000 r--p 00010000 00:28 20519776                   /home/klasur/eclipse-rcp-2023-06-R-linux-gtk-x86_64/eclipse/plugins/org.eclipse.justj.openjdk.hotspot.jre.full.linux.x86_64_17.0.7.v20230425-1502/jre/lib/libjli.so
7f8083221000-7f8083222000 rw-p 00011000 00:28 20519776                   /home/klasur/eclipse-rcp-2023-06-R-linux-gtk-x86_64/eclipse/plugins/org.eclipse.justj.openjdk.hotspot.jre.full.linux.x86_64_17.0.7.v20230425-1502/jre/lib/libjli.so
7f8083222000-7f8083223000 r--p 00000000 00:28 68663502                   /usr/lib64/libz.so.1.3.1.zlib-ng
7f8083223000-7f808323a000 r-xp 00001000 00:28 68663502                   /usr/lib64/libz.so.1.3.1.zlib-ng
7f808323a000-7f8083244000 r--p 00018000 00:28 68663502                   /usr/lib64/libz.so.1.3.1.zlib-ng
7f8083244000-7f8083245000 r--p 00021000 00:28 68663502                   /usr/lib64/libz.so.1.3.1.zlib-ng
7f8083245000-7f8083246000 rw-p 00022000 00:28 68663502                   /usr/lib64/libz.so.1.3.1.zlib-ng
7f808324a000-7f808324b000 ---p 00000000 00:00 0 
7f808324b000-7f808324c000 r--p 00000000 00:00 0 
7f808324c000-7f808324d000 ---p 00000000 00:00 0 
7f808324d000-7f8083251000 r--p 00000000 00:28 20519775                   /home/klasur/eclipse-rcp-2023-06-R-linux-gtk-x86_64/eclipse/plugins/org.eclipse.justj.openjdk.hotspot.jre.full.linux.x86_64_17.0.7.v20230425-1502/jre/lib/libjimage.so
7f8083251000-7f8083264000 r-xp 00004000 00:28 20519775                   /home/klasur/eclipse-rcp-2023-06-R-linux-gtk-x86_64/eclipse/plugins/org.eclipse.justj.openjdk.hotspot.jre.full.linux.x86_64_17.0.7.v20230425-1502/jre/lib/libjimage.so
7f8083264000-7f808326a000 r--p 00017000 00:28 20519775                   /home/klasur/eclipse-rcp-2023-06-R-linux-gtk-x86_64/eclipse/plugins/org.eclipse.justj.openjdk.hotspot.jre.full.linux.x86_64_17.0.7.v20230425-1502/jre/lib/libjimage.so
7f808326a000-7f808326c000 r--p 0001c000 00:28 20519775                   /home/klasur/eclipse-rcp-2023-06-R-linux-gtk-x86_64/eclipse/plugins/org.eclipse.justj.openjdk.hotspot.jre.full.linux.x86_64_17.0.7.v20230425-1502/jre/lib/libjimage.so
7f808326c000-7f808326d000 rw-p 0001e000 00:28 20519775                   /home/klasur/eclipse-rcp-2023-06-R-linux-gtk-x86_64/eclipse/plugins/org.eclipse.justj.openjdk.hotspot.jre.full.linux.x86_64_17.0.7.v20230425-1502/jre/lib/libjimage.so
7f808326d000-7f808326f000 rw-p 00000000 00:00 0 
7f808326f000-7f8083273000 r--p 00000000 00:00 0                          [vvar]
7f8083273000-7f8083275000 r--p 00000000 00:00 0                          [vvar_vclock]
7f8083275000-7f8083277000 r-xp 00000000 00:00 0                          [vdso]
7f8083277000-7f8083278000 r--p 00000000 00:28 68663422                   /usr/lib64/ld-linux-x86-64.so.2
7f8083278000-7f80832a1000 r-xp 00001000 00:28 68663422                   /usr/lib64/ld-linux-x86-64.so.2
7f80832a1000-7f80832ac000 r--p 0002a000 00:28 68663422                   /usr/lib64/ld-linux-x86-64.so.2
7f80832ac000-7f80832ae000 r--p 00035000 00:28 68663422                   /usr/lib64/ld-linux-x86-64.so.2
7f80832ae000-7f80832b0000 rw-p 00037000 00:28 68663422                   /usr/lib64/ld-linux-x86-64.so.2
7ffe4addd000-7ffe4ae00000 rw-p 00000000 00:00 0                          [stack]
ffffffffff600000-ffffffffff601000 --xp 00000000 00:00 0                  [vsyscall]


VM Arguments:
jvm_args: -XX:+ShowCodeDetailsInExceptionMessages -agentlib:jdwp=transport=dt_socket,suspend=y,address=localhost:33089 -ea -javaagent:/home/klasur/eclipse-rcp-2023-06-R-linux-gtk-x86_64/eclipse/configuration/org.eclipse.osgi/258/0/.cp/lib/javaagent-shaded.jar -Dfile.encoding=UTF-8 
java_command: org.eclipse.jdt.internal.junit.runner.RemoteTestRunner -version 3 -port 41793 -testLoaderClass org.eclipse.jdt.internal.junit5.runner.JUnit5TestLoader -loaderpluginname org.eclipse.jdt.junit5.runtime -test de.featjar.analysis.javasmt.VariableRangeAnalysisTest:formulaHasRangeVariableFrom0To2 -uniqueId [engine:junit-jupiter]/[class:de.featjar.analysis.javasmt.VariableRangeAnalysisTest]/[method:formulaHasRangeVariableFrom0To2()]
java_class_path (initial): /home/klasur/Teamprojekt/FeatJAR/formula-analysis-javasmt/bin/main:/home/klasur/Teamprojekt/FeatJAR/formula-analysis-javasmt/bin/test:/formula-analysis-javasmt/bin/default:/formula/bin/default:/home/klasur/Teamprojekt/FeatJAR/formula/bin/main:/home/klasur/Teamprojekt/FeatJAR/formula/bin/test:/home/klasur/Teamprojekt/FeatJAR/formula/bin/testFixtures:/base/bin/default:/home/klasur/Teamprojekt/FeatJAR/base/bin/main:/home/klasur/.gradle/caches/modules-2/files-2.1/org.sosy-lab/java-smt/3.12.0/3abd3b092718b2090ae1fc8793d8129b5d3d2662/java-smt-3.12.0.jar:/home/klasur/.gradle/caches/modules-2/files-2.1/org.sosy-lab/common/0.3000-502-gb581f5d/a40ea0615bce6f57ea59c9fc80bb81ce0ae5a15d/common-0.3000-502-gb581f5d.jar:/home/klasur/.gradle/caches/modules-2/files-2.1/com.google.guava/guava/31.0.1-jre/119ea2b2bc205b138974d351777b20f02b92704b/guava-31.0.1-jre.jar:/home/klasur/.gradle/caches/modules-2/files-2.1/org.checkerframework/checker-qual/3.21.2/630f15607e9850363c10c81283a65bfbce622146/checker-qual-3.21.2.jar:/home/klasur/.gradle/caches/modules-2/files-2.1/com.github.spotbugs/spotbugs-annotations/4.5.3/3faa54aa0b4b845abcf419fdb98e927bbcc79f07/spotbugs-annotations-4.5.3.jar:/home/klasur/.gradle/caches/modules-2/files-2.1/com.google.code.findbugs/jsr305/3.0.2/25ea2e8b0c338a877313bd4672d3fe056ea78f0d/jsr305-3.0.2.jar:/home/klasur/.gradle/caches/modules-2/files-2.1/de.uni-freiburg.informatik.ultimate/smtinterpol/2.5-916-ga5843d8b/f61672a96e753258865665555594faf10d51cf72/smtinterpol-2.5-916-ga5843d8b.jar:/home/klasur/.gradle/caches/modules-2/files-2.1/io.github.uuverifiers/princess_2.13/2021-11-15/3196034be5541f4b9a3edce793c7b2275d8061b8/princess_2.13-2021-11-15.jar:/home/klasur/.gradle/caches/modules-2/files-2.1/org.codehaus.mojo/animal-sniffer-annotations/1.18/f7aa683ea79dc6681ee9fb95756c999acbb62f5d/animal-sniffer-annotations-1.18.jar:/home/klasur/.gradle/caches/modules-2/files-2.1/net.tascalate/net.tascalate.concurrent/0.9.6/7f18f2e0226c2d6783a42cc8fe
Launcher Type: SUN_STANDARD

[Global flags]
     intx CICompilerCount                          = 12                                        {product} {ergonomic}
     uint ConcGCThreads                            = 3                                         {product} {ergonomic}
     uint G1ConcRefinementThreads                  = 13                                        {product} {ergonomic}
   size_t G1HeapRegionSize                         = 2097152                                   {product} {ergonomic}
    uintx GCDrainStackTargetSize                   = 64                                        {product} {ergonomic}
   size_t InitialHeapSize                          = 249561088                                 {product} {ergonomic}
   size_t MarkStackSize                            = 4194304                                   {product} {ergonomic}
   size_t MaxHeapSize                              = 3984588800                                {product} {ergonomic}
   size_t MaxNewSize                               = 2390753280                                {product} {ergonomic}
   size_t MinHeapDeltaBytes                        = 2097152                                   {product} {ergonomic}
   size_t MinHeapSize                              = 8388608                                   {product} {ergonomic}
    uintx NonNMethodCodeHeapSize                   = 7602480                                {pd product} {ergonomic}
    uintx NonProfiledCodeHeapSize                  = 122027880                              {pd product} {ergonomic}
    uintx ProfiledCodeHeapSize                     = 122027880                              {pd product} {ergonomic}
    uintx ReservedCodeCacheSize                    = 251658240                              {pd product} {ergonomic}
     bool SegmentedCodeCache                       = true                                      {product} {ergonomic}
     bool ShowCodeDetailsInExceptionMessages       = true                                   {manageable} {command line}
   size_t SoftMaxHeapSize                          = 3984588800                             {manageable} {ergonomic}
     bool UseCompressedClassPointers               = true                           {product lp64_product} {ergonomic}
     bool UseCompressedOops                        = true                           {product lp64_product} {ergonomic}
     bool UseG1GC                                  = true                                      {product} {ergonomic}

Logging:
Log output configuration:
 #0: stdout all=warning uptime,level,tags
 #1: stderr all=off uptime,level,tags

Environment Variables:
PATH=/usr/local/bin:/usr/local/sbin:/usr/bin:/usr/sbin
USERNAME=klasur
SHELL=/usr/bin/zsh
DISPLAY=:0
LANG=en_US.UTF-8

Active Locale:
LC_ALL=en_US.UTF-8
LC_COLLATE=en_US.UTF-8
LC_CTYPE=en_US.UTF-8
LC_MESSAGES=en_US.UTF-8
LC_MONETARY=en_US.UTF-8
LC_NUMERIC=en_US.UTF-8
LC_TIME=en_US.UTF-8

Signal Handlers:
   SIGSEGV: crash_handler in libjvm.so, mask=11100100010111111101111111111110, flags=SA_RESTART|SA_SIGINFO, unblocked
    SIGBUS: crash_handler in libjvm.so, mask=11100100010111111101111111111110, flags=SA_RESTART|SA_SIGINFO, unblocked
    SIGFPE: crash_handler in libjvm.so, mask=11100100010111111101111111111110, flags=SA_RESTART|SA_SIGINFO, unblocked
   SIGPIPE: javaSignalHandler in libjvm.so, mask=11100100010111111101111111111110, flags=SA_RESTART|SA_SIGINFO, blocked
   SIGXFSZ: javaSignalHandler in libjvm.so, mask=11100100010111111101111111111110, flags=SA_RESTART|SA_SIGINFO, blocked
    SIGILL: crash_handler in libjvm.so, mask=11100100010111111101111111111110, flags=SA_RESTART|SA_SIGINFO, unblocked
   SIGUSR2: SR_handler in libjvm.so, mask=00100000000000000000000000000000, flags=SA_RESTART|SA_SIGINFO, blocked
    SIGHUP: UserHandler in libjvm.so, mask=11100100010111111101111111111110, flags=SA_RESTART|SA_SIGINFO, blocked
    SIGINT: UserHandler in libjvm.so, mask=11100100010111111101111111111110, flags=SA_RESTART|SA_SIGINFO, blocked
   SIGTERM: UserHandler in libjvm.so, mask=11100100010111111101111111111110, flags=SA_RESTART|SA_SIGINFO, blocked
   SIGQUIT: UserHandler in libjvm.so, mask=11100100010111111101111111111110, flags=SA_RESTART|SA_SIGINFO, blocked
   SIGTRAP: crash_handler in libjvm.so, mask=11100100010111111101111111111110, flags=SA_RESTART|SA_SIGINFO, unblocked


---------------  S Y S T E M  ---------------

OS:
Fedora release 41 (Forty One)
uname: Linux 6.16.8-100.fc41.x86_64 #1 SMP PREEMPT_DYNAMIC Fri Sep 19 16:41:07 UTC 2025 x86_64
OS uptime: 22 days 6:12 hours
libc: glibc 2.40 NPTL 2.40 
rlimit (soft/hard): STACK 8192k/infinity , CORE infinity/infinity , NPROC 60313/60313 , NOFILE 524288/524288 , AS infinity/infinity , CPU infinity/infinity , DATA infinity/infinity , FSIZE infinity/infinity , MEMLOCK 8192k/8192k
load average: 0.36 0.50 0.70

/proc/meminfo:
MemTotal:       15559040 kB
MemFree:         1058016 kB
MemAvailable:    4785664 kB
Buffers:             296 kB
Cached:          2871124 kB
SwapCached:         5296 kB
Active:          5316000 kB
Inactive:        4254292 kB
Active(anon):    4340520 kB
Inactive(anon):  1963884 kB
Active(file):     975480 kB
Inactive(file):  2290408 kB
Unevictable:        6160 kB
Mlocked:            6160 kB
SwapTotal:       8388604 kB
SwapFree:        3280744 kB
Zswap:                 0 kB
Zswapped:              0 kB
Dirty:              2524 kB
Writeback:             0 kB
AnonPages:       6700456 kB
Mapped:           771856 kB
Shmem:            274196 kB
KReclaimable:     796384 kB
Slab:            1298392 kB
SReclaimable:     796384 kB
SUnreclaim:       502008 kB
KernelStack:       39712 kB
PageTables:       107580 kB
SecPageTables:      6072 kB
NFS_Unstable:          0 kB
Bounce:                0 kB
WritebackTmp:          0 kB
CommitLimit:    16168124 kB
Committed_AS:   30539348 kB
VmallocTotal:   34359738367 kB
VmallocUsed:      143024 kB
VmallocChunk:          0 kB
Percpu:            21312 kB
HardwareCorrupted:     0 kB
AnonHugePages:         0 kB
ShmemHugePages:        0 kB
ShmemPmdMapped:        0 kB
FileHugePages:         0 kB
FilePmdMapped:         0 kB
CmaTotal:              0 kB
CmaFree:               0 kB
Unaccepted:            0 kB
Balloon:               0 kB
HugePages_Total:       0
HugePages_Free:        0
HugePages_Rsvd:        0
HugePages_Surp:        0
Hugepagesize:       2048 kB
Hugetlb:               0 kB
DirectMap4k:     8851516 kB
DirectMap2M:     7114752 kB
DirectMap1G:     1048576 kB

/sys/kernel/mm/transparent_hugepage/enabled: always [madvise] never
/sys/kernel/mm/transparent_hugepage/defrag (defrag/compaction efforts parameter): always defer defer+madvise [madvise] never

Process Memory:
Virtual Size: 8514652K (peak: 8563064K)
Resident Set Size: 22404K (peak: 186036K) (anon: 11424K, file: 10968K, shmem: 12K)
Swapped out: 116400K
C-Heap outstanding allocations: 48609K, retained: 52362K
glibc malloc tunables: (default)

/proc/sys/kernel/threads-max (system-wide limit on the number of threads): 120627
/proc/sys/vm/max_map_count (maximum number of memory map areas a process may have): 1048576
/proc/sys/kernel/pid_max (system-wide limit on number of process identifiers): 4194304

container information not found.
Steal ticks since vm start: 0
Steal ticks percentage since vm start:  0.000

CPU: total 16 (initial active 16) (16 cores per cpu, 2 threads per core) family 23 model 96 stepping 1 microcode 0x860010d, cx8, cmov, fxsr, ht, mmx, 3dnowpref, sse, sse2, sse3, ssse3, sse4a, sse4.1, sse4.2, popcnt, lzcnt, tsc, tscinvbit, avx, avx2, aes, clmul, bmi1, bmi2, adx, sha, fma, vzeroupper, clflush, clflushopt
CPU Model and flags from /proc/cpuinfo:
model name	: AMD Ryzen 7 PRO 4750U with Radeon Graphics
flags		: fpu vme de pse tsc msr pae mce cx8 apic sep mtrr pge mca cmov pat pse36 clflush mmx fxsr sse sse2 ht syscall nx mmxext fxsr_opt pdpe1gb rdtscp lm constant_tsc rep_good nopl xtopology nonstop_tsc cpuid extd_apicid aperfmperf rapl pni pclmulqdq monitor ssse3 fma cx16 sse4_1 sse4_2 movbe popcnt aes xsave avx f16c rdrand lahf_lm cmp_legacy svm extapic cr8_legacy abm sse4a misalignsse 3dnowprefetch osvw ibs skinit wdt tce topoext perfctr_core perfctr_nb bpext perfctr_llc mwaitx cpb cat_l3 cdp_l3 hw_pstate ssbd mba ibrs ibpb stibp vmmcall fsgsbase bmi1 avx2 smep bmi2 cqm rdt_a rdseed adx smap clflushopt clwb sha_ni xsaveopt xsavec xgetbv1 cqm_llc cqm_occup_llc cqm_mbm_total cqm_mbm_local clzero irperf xsaveerptr rdpru wbnoinvd cppc arat npt lbrv svm_lock nrip_save tsc_scale vmcb_clean flushbyasid decodeassists pausefilter pfthreshold avic v_vmsave_vmload vgif v_spec_ctrl umip rdpid overflow_recov succor smca

Online cpus: 0-15
Offline cpus: 
BIOS frequency limitation: 1700000
Frequency switch latency (ns): 0
Available cpu frequencies: 1700000 1600000 1400000 
Current governor: schedutil
Core performance/turbo boost: 1

Memory: 4k page, physical 15559040k(1057044k free), swap 8388604k(3282640k free)
Page Sizes: 4k

vm_info: OpenJDK 64-Bit Server VM (17.0.7+7) for linux-amd64 JRE (17.0.7+7), built on Apr 18 2023 00:00:00 by "temurin" with gcc 10.3.0

END.
